
CPPTRAJ: Trajectory Analysis. V6.24.0 (AmberTools)
    ___  ___  ___  ___
     | \/ | \/ | \/ | 
    _|_/\_|_/\_|_/\_|_

| Date/time: 03/18/25 18:32:23
| Available memory: 805.515 MB

	Reading '/mnt/Web/CGN67d9bc1243337/TRAJ_CG/output_pdb/structure_000000_CG.pdb' as PDB File
	Reading bond info from CONECT records.
	Not reading bond info from LINK records.
	Determining bond info from distances.
Warning: Determining bond length parameters from element types for 'structure_000000_CG.pdb'.
	Reading '/mnt/Web/CGN67d9bc1243337/TRAJ_CG/output_schnarp/cgenarate_traj.fitted.mdcrd' as Amber Trajectory
	Writing '/mnt/Web/CGN67d9bc1243337/TRAJ_CG/output_schnarp/display/mc_dna_str.dcd' as Charmm DCD
---------- RUN BEGIN -------------------------------------------------

PARAMETER FILES (1 total):
 0: structure_000000_CG.pdb, 188 atoms, 188 res, box: None, 188 mol

INPUT TRAJECTORIES (1 total):
 0: 'cgenarate_traj.fitted.mdcrd' is an AMBER trajectory, Parm structure_000000_CG.pdb (reading 11 of 11)
  Coordinate processing will occur on 11 frames.

OUTPUT TRAJECTORIES (1 total):
  'mc_dna_str.dcd' (11 frames) is a CHARMM DCD file (coords) Little Endian 32 bit

BEGIN TRAJECTORY PROCESSING:
.....................................................
ACTIVE OUTPUT TRAJECTORIES (1):
  /mnt/Web/CGN67d9bc1243337/TRAJ_CG/output_schnarp/display/mc_dna_str.dcd (coordinates)
----- cgenarate_traj.fitted.mdcrd (1-11, 1) -----
 0% 10% 20% 30% 40% 50% 60% 70% 80% 90% 100% Complete.

Read 11 frames and processed 11 frames.
TIME: Avg. throughput= 187.8159 frames / second.

ACTION OUTPUT:
TIME: Analyses took 0.0000 seconds.

RUN TIMING:
TIME:		Init               : 0.0058 s (  8.21%)
TIME:		Trajectory Process : 0.0586 s ( 82.48%)
TIME:		Action Post        : 0.0004 s (  0.51%)
TIME:		Analysis           : 0.0000 s (  0.04%)
TIME:		Data File Write    : 0.0001 s (  0.13%)
TIME:		Other              : 0.0061 s (  0.09%)
TIME:	Run Total 0.0710 s
---------- RUN END ---------------------------------------------------
TIME: Total execution time: 0.2727 seconds.
--------------------------------------------------------------------------------
To cite CPPTRAJ use:
Daniel R. Roe and Thomas E. Cheatham, III, "PTRAJ and CPPTRAJ: Software for
  Processing and Analysis of Molecular Dynamics Trajectory Data". J. Chem.
  Theory Comput., 2013, 9 (7), pp 3084-3095.

