
CPPTRAJ: Trajectory Analysis. V6.24.0 (AmberTools)
    ___  ___  ___  ___
     | \/ | \/ | \/ | 
    _|_/\_|_/\_|_/\_|_

| Date/time: 03/18/25 19:39:57
| Available memory: 775.381 MB

	Reading '/mnt/Web/CGN67d9bfc0515cd/TRAJ_CG/output_schnarp/display/traj.pdb' as PDB File
	Reading bond info from CONECT records.
	Not reading bond info from LINK records.
	Determining bond info from distances.
Warning: Determining bond length parameters from element types for 'traj.pdb'.
INPUT: Reading input from 'STDIN'
  [trajin /mnt/Web/CGN67d9bfc0515cd/TRAJ_CG/output_schnarp/display/traj.dcd]
	Reading '/mnt/Web/CGN67d9bfc0515cd/TRAJ_CG/output_schnarp/display/traj.dcd' as Charmm DCD
  [strip @H*]
    STRIP: Stripping atoms in mask [@H*]
  [trajout PDB/sasa.pdb multi]
	Writing 'PDB/sasa.pdb' as PDB
  [go]
---------- RUN BEGIN -------------------------------------------------

PARAMETER FILES (1 total):
 0: traj.pdb, 3027 atoms, 452 res, box: None, 184 mol

INPUT TRAJECTORIES (1 total):
 0: 'traj.dcd' is a CHARMM DCD file (coords) Little Endian 32 bit, Parm traj.pdb (reading 51 of 51)
  Coordinate processing will occur on 51 frames.

OUTPUT TRAJECTORIES (1 total):
  'sasa.pdb' (51 frames) is a PDB file (1 file per frame)

BEGIN TRAJECTORY PROCESSING:
.....................................................
ACTION SETUP FOR PARM 'traj.pdb' (1 actions):
  0: [strip @H*]
	Stripping 647 atoms.
	Stripped topology: 2380 atoms, 452 res, box: None, 184 mol
.....................................................
ACTIVE OUTPUT TRAJECTORIES (1):
  PDB/sasa.pdb (coordinates, time)
----- traj.dcd (1-51, 1) -----
 0% 10% 20% 30% 40% 50% 60% 70% 80% 90% 100% Complete.

Read 51 frames and processed 51 frames.
TIME: Avg. throughput= 9.0359 frames / second.

ACTION OUTPUT:
TIME: Analyses took 0.0000 seconds.

RUN TIMING:
TIME:		Init               : 0.0009 s (  0.02%)
TIME:		Trajectory Process : 5.6441 s ( 99.95%)
TIME:		Action Post        : 0.0000 s (  0.00%)
TIME:		Analysis           : 0.0000 s (  0.00%)
TIME:		Data File Write    : 0.0001 s (  0.00%)
TIME:		Other              : 0.0019 s (  0.00%)
TIME:	Run Total 5.6471 s
---------- RUN END ---------------------------------------------------
TIME: Total execution time: 5.8989 seconds.
--------------------------------------------------------------------------------
To cite CPPTRAJ use:
Daniel R. Roe and Thomas E. Cheatham, III, "PTRAJ and CPPTRAJ: Software for
  Processing and Analysis of Molecular Dynamics Trajectory Data". J. Chem.
  Theory Comput., 2013, 9 (7), pp 3084-3095.

