
CPPTRAJ: Trajectory Analysis. V6.24.0 (AmberTools)
    ___  ___  ___  ___
     | \/ | \/ | \/ | 
    _|_/\_|_/\_|_/\_|_

| Date/time: 03/17/25 18:56:30
| Available memory: 1.666 GB

	Reading '/mnt/Web/CGN67d87049a7a14/TRAJ_CG/output_schnarp/ProteinsProtAA.pdb' as PDB File
	Reading bond info from CONECT records.
	Not reading bond info from LINK records.
	Determining bond info from distances.
Warning: Determining bond length parameters from element types for 'ProteinsProtAA.pdb'.
	Reading '/mnt/Web/CGN67d87049a7a14/TRAJ_CG/output_schnarp/ProteinsProtAA.mdcrd' as Amber Trajectory
	Writing '/mnt/Web/CGN67d87049a7a14/TRAJ_CG/output_schnarp/display/traj.dcd' as Charmm DCD
---------- RUN BEGIN -------------------------------------------------

PARAMETER FILES (1 total):
 0: ProteinsProtAA.pdb, 3027 atoms, 452 res, box: None, 184 mol

INPUT TRAJECTORIES (1 total):
 0: 'ProteinsProtAA.mdcrd' is an AMBER trajectory, Parm ProteinsProtAA.pdb (reading 51 of 51)
  Coordinate processing will occur on 51 frames.

OUTPUT TRAJECTORIES (1 total):
  'traj.dcd' (51 frames) is a CHARMM DCD file (coords) Little Endian 32 bit

BEGIN TRAJECTORY PROCESSING:
.....................................................
ACTIVE OUTPUT TRAJECTORIES (1):
  /mnt/Web/CGN67d87049a7a14/TRAJ_CG/output_schnarp/display/traj.dcd (coordinates)
----- ProteinsProtAA.mdcrd (1-51, 1) -----
 0% 10% 20% 30% 40% 50% 60% 70% 80% 90% 100% Complete.

Read 51 frames and processed 51 frames.
TIME: Avg. throughput= 511.5397 frames / second.

ACTION OUTPUT:
TIME: Analyses took 0.0000 seconds.

RUN TIMING:
TIME:		Init               : 0.0000 s (  0.03%)
TIME:		Trajectory Process : 0.0997 s ( 93.95%)
TIME:		Action Post        : 0.0000 s (  0.00%)
TIME:		Analysis           : 0.0000 s (  0.00%)
TIME:		Data File Write    : 0.0000 s (  0.00%)
TIME:		Other              : 0.0064 s (  0.06%)
TIME:	Run Total 0.1061 s
---------- RUN END ---------------------------------------------------
TIME: Total execution time: 0.2860 seconds.
--------------------------------------------------------------------------------
To cite CPPTRAJ use:
Daniel R. Roe and Thomas E. Cheatham, III, "PTRAJ and CPPTRAJ: Software for
  Processing and Analysis of Molecular Dynamics Trajectory Data". J. Chem.
  Theory Comput., 2013, 9 (7), pp 3084-3095.

