--2025-03-17 18:56:15--  https://www.ebi.ac.uk/pdbe/entry-files/download/pdb1vfc.ent
Resolving www.ebi.ac.uk (www.ebi.ac.uk)... 193.62.193.80
Connecting to www.ebi.ac.uk (www.ebi.ac.uk)|193.62.193.80|:443... connected.
HTTP request sent, awaiting response... 200 OK
Length: 2956824 (2.8M) [text/plain]
Saving to: ‘pdb1vfc.ent’

     0K .......... .......... .......... .......... ..........  1%  967K 3s
    50K .......... .......... .......... .......... ..........  3% 1.69M 2s
   100K .......... .......... .......... .......... ..........  5% 2.19M 2s
   150K .......... .......... .......... .......... ..........  6% 2.92M 2s
   200K .......... .......... .......... .......... ..........  8% 4.87M 1s
   250K .......... .......... .......... .......... .......... 10% 4.71M 1s
   300K .......... .......... .......... .......... .......... 12% 6.18M 1s
   350K .......... .......... .......... .......... .......... 13% 6.16M 1s
   400K .......... .......... .......... .......... .......... 15% 10.2M 1s
   450K .......... .......... .......... .......... .......... 17% 9.22M 1s
   500K .......... .......... .......... .......... .......... 19% 11.0M 1s
   550K .......... .......... .......... .......... .......... 20% 8.59M 1s
   600K .......... .......... .......... .......... .......... 22% 10.9M 1s
   650K .......... .......... .......... .......... .......... 24% 12.3M 1s
   700K .......... .......... .......... .......... .......... 25% 13.6M 1s
   750K .......... .......... .......... .......... .......... 27% 16.5M 0s
   800K .......... .......... .......... .......... .......... 29% 13.4M 0s
   850K .......... .......... .......... .......... .......... 31% 21.2M 0s
   900K .......... .......... .......... .......... .......... 32% 17.7M 0s
   950K .......... .......... .......... .......... .......... 34% 16.7M 0s
  1000K .......... .......... .......... .......... .......... 36% 15.9M 0s
  1050K .......... .......... .......... .......... .......... 38% 16.0M 0s
  1100K .......... .......... .......... .......... .......... 39% 13.0M 0s
  1150K .......... .......... .......... .......... .......... 41% 34.3M 0s
  1200K .......... .......... .......... .......... .......... 43% 75.4M 0s
  1250K .......... .......... .......... .......... .......... 45% 22.5M 0s
  1300K .......... .......... .......... .......... .......... 46% 30.2M 0s
  1350K .......... .......... .......... .......... .......... 48% 21.9M 0s
  1400K .......... .......... .......... .......... .......... 50% 19.2M 0s
  1450K .......... .......... .......... .......... .......... 51% 43.6M 0s
  1500K .......... .......... .......... .......... .......... 53% 25.1M 0s
  1550K .......... .......... .......... .......... .......... 55% 33.7M 0s
  1600K .......... .......... .......... .......... .......... 57% 1.27M 0s
  1650K .......... .......... .......... .......... .......... 58%  117M 0s
  1700K .......... .......... .......... .......... .......... 60%  121M 0s
  1750K .......... .......... .......... .......... .......... 62%  116M 0s
  1800K .......... .......... .......... .......... .......... 64% 7.93M 0s
  1850K .......... .......... .......... .......... .......... 65%  127M 0s
  1900K .......... .......... .......... .......... .......... 67%  132M 0s
  1950K .......... .......... .......... .......... .......... 69%  129M 0s
  2000K .......... .......... .......... .......... .......... 70%  140M 0s
  2050K .......... .......... .......... .......... .......... 72%  121M 0s
  2100K .......... .......... .......... .......... .......... 74%  129M 0s
  2150K .......... .......... .......... .......... .......... 76%  133M 0s
  2200K .......... .......... .......... .......... .......... 77%  134M 0s
  2250K .......... .......... .......... .......... .......... 79%  107M 0s
  2300K .......... .......... .......... .......... .......... 81%  135M 0s
  2350K .......... .......... .......... .......... .......... 83%  129M 0s
  2400K .......... .......... .......... .......... .......... 84%  139M 0s
  2450K .......... .......... .......... .......... .......... 86%  124M 0s
  2500K .......... .......... .......... .......... .......... 88%  104M 0s
  2550K .......... .......... .......... .......... .......... 90% 71.9M 0s
  2600K .......... .......... .......... .......... .......... 91%  104M 0s
  2650K .......... .......... .......... .......... .......... 93%  106M 0s
  2700K .......... .......... .......... .......... .......... 95%  113M 0s
  2750K .......... .......... .......... .......... .......... 96%  111M 0s
  2800K .......... .......... .......... .......... .......... 98%  127M 0s
  2850K .......... .......... .......... .......              100%  136M=0.3s

2025-03-17 18:56:16 (9.99 MB/s) - ‘pdb1vfc.ent’ saved [2956824/2956824]

--2025-03-17 18:56:16--  https://www.ebi.ac.uk/pdbe/entry-files/download/pdb1wtr.ent
Resolving www.ebi.ac.uk (www.ebi.ac.uk)... 193.62.193.80
Connecting to www.ebi.ac.uk (www.ebi.ac.uk)|193.62.193.80|:443... connected.
HTTP request sent, awaiting response... 200 OK
Length: 109188 (107K) [text/plain]
Saving to: ‘pdb1wtr.ent’

     0K .......... .......... .......... .......... .......... 46%  738K 0s
    50K .......... .......... .......... .......... .......... 93% 1.64M 0s
   100K ......                                                100% 67.0M=0.1s

2025-03-17 18:56:16 (1.07 MB/s) - ‘pdb1wtr.ent’ saved [109188/109188]

--2025-03-17 18:56:16--  https://www.ebi.ac.uk/pdbe/entry-files/download/pdb3zhm.ent
Resolving www.ebi.ac.uk (www.ebi.ac.uk)... 193.62.193.80
Connecting to www.ebi.ac.uk (www.ebi.ac.uk)|193.62.193.80|:443... connected.
HTTP request sent, awaiting response... 200 OK
Length: 112509 (110K) [text/plain]
Saving to: ‘pdb3zhm.ent’

     0K .......... .......... .......... .......... .......... 45%  778K 0s
    50K .......... .......... .......... .......... .......... 91% 1.64M 0s
   100K .........                                             100% 12.6M=0.09s

2025-03-17 18:56:17 (1.13 MB/s) - ‘pdb3zhm.ent’ saved [112509/112509]

--2025-03-17 18:56:17--  https://www.ebi.ac.uk/pdbe/entry-files/download/pdb1bnz.ent
Resolving www.ebi.ac.uk (www.ebi.ac.uk)... 193.62.193.80
Connecting to www.ebi.ac.uk (www.ebi.ac.uk)|193.62.193.80|:443... connected.
HTTP request sent, awaiting response... 200 OK
Length: 112266 (110K) [text/plain]
Saving to: ‘pdb1bnz.ent’

     0K .......... .......... .......... .......... .......... 45%  947K 0s
    50K .......... .......... .......... .......... .......... 91% 1.17M 0s
   100K .........                                             100%  126M=0.09s

2025-03-17 18:56:17 (1.13 MB/s) - ‘pdb1bnz.ent’ saved [112266/112266]

SETTINGS:
loadrestart = 0
PrinttVectors = 0
PlotPrint = 1
Linear = 1
T0 = 298.000000
dt0 = 0.100000
N = 180
nframes = 50
step = 200
restore.mode = 0
simulation.N = 180
simulation.T0 = 298.000000
simulation.dt0 = 0.100000
simulation.frames = 50
simulation.steps = 200
simulation.linear = 1
simulation.seed = 1234
NucNum2: 4
Sigma 1: 44.506651
Sigma 2: 35.763729
Sigma 3: 31.174693
Sigma 4: 31.170662
Seeding 1 threads
/opt/conda/envs/glimps_env/lib/python3.12/site-packages/mdtraj/formats/pdb/pdbfile.py:208: UserWarning: Unlikely unit cell vectors detected in PDB file likely resulting from a dummy CRYST1 record. Discarding unit cell vectors.
  warnings.warn(
