Workdir: /mnt/Web/CGN67d9b89285e4a/TRAJ_AA/ANALYSIS
Generating stripped traj...
Generating stripped traj without hydrogens (for pcazip)...
Generating stripped top...
Copying structure.stripped.top (keeping proteins!!)
Generating stripped top without hydrogens (for pcazip) ...
Copying structure.stripped.noH.top (keeping proteins!!)
Generating stripped pdb...
Generating stripped pdb without hydrogens (for pcazip)...
Problems with generated pdb (1224 TERs), stripping TER tags...
Problems with generated pdb (1224 TERs), stripping TER tags...
Executing Distance Contact-Maps Analysis.

Lasts: A-DA3:30
First: A-DG5:1
Lasts: B-DC3:60
First: B-DT5:31
SEQ1: GATTACATACATACAGATTACATACATACA
SEQ2: CTAATGTATGTATGTCTAATGTATGTATGT

Getting distances with ptraj program from Ambertools...
Error: analyze statistics: No 1D datasets to analyze.
Error: Could not setup analysis [statistics]
	1 errors encountered reading input.
Error: Error(s) occurred during execution.
Error: analyze statistics: No 1D datasets to analyze.
Error: Could not setup analysis [statistics]
	1 errors encountered reading input.
Error: Error(s) occurred during execution.
Error: analyze statistics: No 1D datasets to analyze.
Error: Could not setup analysis [statistics]
	1 errors encountered reading input.
Error: Error(s) occurred during execution.
Plotting Contact Maps...

cat: ptraj.out: No such file or directory
cat: ptraj.out: No such file or directory
cat: ptraj.out: No such file or directory
DONE!!
