Workdir: /mnt/Web/CGN67d94200afbbb/TRAJ_AA/ANALYSIS
Generating stripped traj...
Generating stripped traj without hydrogens (for pcazip)...
Generating stripped top...
Generating structure.stripped.top with CPPTRAJ (removing proteins!!)
Generating stripped top without hydrogens (for pcazip) ...
Generating structure.stripped.noH.top with CPPTRAJ (removing proteins!!)
Generating stripped pdb...
Generating stripped pdb without hydrogens (for pcazip)...
Problems with generated pdb (1224 TERs), stripping TER tags...
Problems with generated pdb (1224 TERs), stripping TER tags...
Executing Curves Analysis (using Curves+ program).

run_curves(/mnt/Web/CGN67d94200afbbb/TRAJ_AA/ANALYSIS/NAFlex,NAFlex,/mnt/Web/CGN67d94200afbbb/TRAJ_AA/output_schnarp/display/traj.pdb,/mnt/Web/CGN67d94200afbbb/TRAJ_AA/ANALYSIS/NAFlex/INFO/structure.stripped.top,/mnt/Web/CGN67d94200afbbb/TRAJ_AA/ANALYSIS/NAFlex/INFO/structure.stripped.trj)
NA_Type: DNA
Lasts: A-DA:30
First: A-DG:1
Lasts: B-DC:60
First: B-DT:31
SEQ1: GATTACATACATACAGATTACATACATACA
SEQ2: CTAATGTATGTATGTCTAATGTATGTATGT

FIRSTS: A-DG:1
FIRSTS: B-DT:31
Executing Curves+ program...

Executing Canal program (analysis of Curves+ output)...

Analysing Intra-base pair parameters...
Analysing Axis base pair parameters...
Analysing Base pair step parameters...
rm: cannot remove 'helical_bpstep': No such file or directory
Analysing Backbone parameters...
rm: cannot remove './backbone_torsions/': No such file or directory
Analysing Grooves parameters...
rm: cannot remove 'grooves': No such file or directory
Use of uninitialized value $avg in numeric eq (==) at /app/Scripts/MCDNA/NAFlex/grooves.pl line 69.
Use of uninitialized value $avg in numeric eq (==) at /app/Scripts/MCDNA/NAFlex/grooves.pl line 69.
Use of uninitialized value $avg in numeric eq (==) at /app/Scripts/MCDNA/NAFlex/grooves.pl line 69.
Use of uninitialized value $avg in numeric eq (==) at /app/Scripts/MCDNA/NAFlex/grooves.pl line 69.
Use of uninitialized value $avg in numeric eq (==) at /app/Scripts/MCDNA/NAFlex/grooves.pl line 69.
Use of uninitialized value $avg in numeric eq (==) at /app/Scripts/MCDNA/NAFlex/grooves.pl line 69.
Analysing Stiffness parameters...

Building Intra-base pair parameters plots...
Can't exec "gnuplot": No such file or directory at /app/Scripts/MCDNA/NAFlex/plotHelicalParamsBP_Chromatin.pl line 187.
Can't exec "gnuplot": No such file or directory at /app/Scripts/MCDNA/NAFlex/plotHelicalParamsBP_Chromatin.pl line 187.
Can't exec "gnuplot": No such file or directory at /app/Scripts/MCDNA/NAFlex/plotHelicalParamsBP_Chromatin.pl line 187.
Can't exec "gnuplot": No such file or directory at /app/Scripts/MCDNA/NAFlex/plotHelicalParamsBP_Chromatin.pl line 187.
Can't exec "gnuplot": No such file or directory at /app/Scripts/MCDNA/NAFlex/plotHelicalParamsBP_Chromatin.pl line 187.
Can't exec "gnuplot": No such file or directory at /app/Scripts/MCDNA/NAFlex/plotHelicalParamsBP_Chromatin.pl line 187.
Building Axis parameters plots...
Can't exec "gnuplot": No such file or directory at /app/Scripts/MCDNA/NAFlex/plotHelicalParamsBP_Chromatin.pl line 187.
Can't exec "gnuplot": No such file or directory at /app/Scripts/MCDNA/NAFlex/plotHelicalParamsBP_Chromatin.pl line 187.
Can't exec "gnuplot": No such file or directory at /app/Scripts/MCDNA/NAFlex/plotHelicalParamsBP_Chromatin.pl line 187.
Can't exec "gnuplot": No such file or directory at /app/Scripts/MCDNA/NAFlex/plotHelicalParamsBP_Chromatin.pl line 187.
Building Base-pair step parameters plots...
Can't exec "gnuplot": No such file or directory at /app/Scripts/MCDNA/NAFlex/plotHelicalParamsBPS_Chromatin.pl line 152.
Can't exec "gnuplot": No such file or directory at /app/Scripts/MCDNA/NAFlex/plotHelicalParamsBPS_Chromatin.pl line 152.
Can't exec "gnuplot": No such file or directory at /app/Scripts/MCDNA/NAFlex/plotHelicalParamsBPS_Chromatin.pl line 152.
Can't exec "gnuplot": No such file or directory at /app/Scripts/MCDNA/NAFlex/plotHelicalParamsBPS_Chromatin.pl line 152.
Can't exec "gnuplot": No such file or directory at /app/Scripts/MCDNA/NAFlex/plotHelicalParamsBPS_Chromatin.pl line 152.
Can't exec "gnuplot": No such file or directory at /app/Scripts/MCDNA/NAFlex/plotHelicalParamsBPS_Chromatin.pl line 152.
Building Backbone parameters plots...
Can't exec "gnuplot": No such file or directory at /app/Scripts/MCDNA/NAFlex/plotPuckering_Chromatin.pl line 144.
Can't exec "gnuplot": No such file or directory at /app/Scripts/MCDNA/NAFlex/plotPuckering_Chromatin.pl line 144.
Can't exec "gnuplot": No such file or directory at /app/Scripts/MCDNA/NAFlex/plotPuckering_Chromatin.pl line 144.
sh: 1: R: not found
sh: 1: R: not found
Building Grooves parameters plots...
Argument "?" isn't numeric in addition (+) at /app/Scripts/MCDNA/NAFlex/plotHelicalParamsBP_Chromatin.pl line 111, <AVG> line 1.
Argument "?" isn't numeric in addition (+) at /app/Scripts/MCDNA/NAFlex/plotHelicalParamsBP_Chromatin.pl line 111, <AVG> line 1.
Argument "?" isn't numeric in addition (+) at /app/Scripts/MCDNA/NAFlex/plotHelicalParamsBP_Chromatin.pl line 111, <AVG> line 2.
Argument "?" isn't numeric in addition (+) at /app/Scripts/MCDNA/NAFlex/plotHelicalParamsBP_Chromatin.pl line 111, <AVG> line 2.
Can't exec "gnuplot": No such file or directory at /app/Scripts/MCDNA/NAFlex/plotHelicalParamsBP_Chromatin.pl line 187.
Argument "?" isn't numeric in addition (+) at /app/Scripts/MCDNA/NAFlex/plotHelicalParamsBP_Chromatin.pl line 111, <AVG> line 1.
Argument "?" isn't numeric in addition (+) at /app/Scripts/MCDNA/NAFlex/plotHelicalParamsBP_Chromatin.pl line 111, <AVG> line 1.
Argument "?" isn't numeric in addition (+) at /app/Scripts/MCDNA/NAFlex/plotHelicalParamsBP_Chromatin.pl line 111, <AVG> line 2.
Argument "?" isn't numeric in addition (+) at /app/Scripts/MCDNA/NAFlex/plotHelicalParamsBP_Chromatin.pl line 111, <AVG> line 2.
Can't exec "gnuplot": No such file or directory at /app/Scripts/MCDNA/NAFlex/plotHelicalParamsBP_Chromatin.pl line 187.
Argument "?" isn't numeric in addition (+) at /app/Scripts/MCDNA/NAFlex/plotHelicalParamsBP_Chromatin.pl line 111, <AVG> line 1.
Argument "?" isn't numeric in addition (+) at /app/Scripts/MCDNA/NAFlex/plotHelicalParamsBP_Chromatin.pl line 111, <AVG> line 1.
Can't exec "gnuplot": No such file or directory at /app/Scripts/MCDNA/NAFlex/plotHelicalParamsBP_Chromatin.pl line 187.
Argument "?" isn't numeric in addition (+) at /app/Scripts/MCDNA/NAFlex/plotHelicalParamsBP_Chromatin.pl line 111, <AVG> line 1.
Argument "?" isn't numeric in addition (+) at /app/Scripts/MCDNA/NAFlex/plotHelicalParamsBP_Chromatin.pl line 111, <AVG> line 1.
Can't exec "gnuplot": No such file or directory at /app/Scripts/MCDNA/NAFlex/plotHelicalParamsBP_Chromatin.pl line 187.
DONE!!
