
CPPTRAJ: Trajectory Analysis. V6.24.0 (AmberTools)
    ___  ___  ___  ___
     | \/ | \/ | \/ | 
    _|_/\_|_/\_|_/\_|_

| Date/time: 03/17/25 19:21:29
| Available memory: 2.825 GB

	Reading '/mnt/Web/CGN67d87509b8772/TRAJ_AA/output_schnarp/display/struc.prmtop' as Amber Topology
	This Amber topology does not include atomic numbers.
	Assigning elements from atom masses/names.
	No SCEE section: setting Amber default (1.2)
	No SCNB section: setting Amber default (2.0)
Warning: Determining bond length parameters from element types for 'struc.prmtop'.
INPUT: Reading input from 'STDIN'
  [trajin /mnt/Web/CGN67d87509b8772/TRAJ_AA/output_schnarp/display/traj.dcd]
	Reading '/mnt/Web/CGN67d87509b8772/TRAJ_AA/output_schnarp/display/traj.dcd' as Charmm DCD
  [radgyr :* out /mnt/Web/CGN67d87509b8772/TRAJ_AA/ANALYSIS/Circular/rg.dat]
    RADGYR: Calculating for atoms in mask :*.
  [go]
---------- RUN BEGIN -------------------------------------------------

PARAMETER FILES (1 total):
 0: struc.prmtop, 3854 atoms, 188 res, box: None, 3854 mol

INPUT TRAJECTORIES (1 total):
 0: 'traj.dcd' is a CHARMM DCD file (coords) Little Endian 32 bit, Parm struc.prmtop (reading 11 of 11)
  Coordinate processing will occur on 11 frames.

BEGIN TRAJECTORY PROCESSING:
.....................................................
ACTION SETUP FOR PARM 'struc.prmtop' (1 actions):
  0: [radgyr :* out /mnt/Web/CGN67d87509b8772/TRAJ_AA/ANALYSIS/Circular/rg.dat]
	:* (3854 atoms).
----- traj.dcd (1-11, 1) -----
 0% 10% 20% 30% 40% 50% 60% 70% 80% 90% 100% Complete.

Read 11 frames and processed 11 frames.
TIME: Avg. throughput= 5789.4737 frames / second.

ACTION OUTPUT:
TIME: Analyses took 0.0000 seconds.

DATASETS (2 total):
	RoG_00001 "RoG_00001" (double), size is 11 (0.088 kB)
	RoG_00001[Max] "RoG_00001[Max]" (double), size is 11 (0.088 kB)
    Total data set memory usage is at least 0.176 kB

DATAFILES (1 total):
  rg.dat (Standard Data File):  RoG_00001 RoG_00001[Max]

RUN TIMING:
TIME:		Init               : 0.0000 s (  0.64%)
TIME:		Trajectory Process : 0.0019 s ( 55.43%)
TIME:		Action Post        : 0.0000 s (  0.00%)
TIME:		Analysis           : 0.0000 s (  0.03%)
TIME:		Data File Write    : 0.0015 s ( 43.09%)
TIME:		Other              : 0.0000 s (  0.01%)
TIME:	Run Total 0.0034 s
---------- RUN END ---------------------------------------------------
TIME: Total execution time: 0.0641 seconds.
--------------------------------------------------------------------------------
To cite CPPTRAJ use:
Daniel R. Roe and Thomas E. Cheatham, III, "PTRAJ and CPPTRAJ: Software for
  Processing and Analysis of Molecular Dynamics Trajectory Data". J. Chem.
  Theory Comput., 2013, 9 (7), pp 3084-3095.

