 ACCALL - Accessibility calculations
 MAX RESIDUES     5000
 MAX ATOMS/RES     100
 PDB FILE INPUT sasa-36.pdb
 PROBE SIZE       1.40
 Z-SLICE WIDTH   0.050
 VDW RADII FILE /app/Scripts/MCDNA/SASA/NACCESS/vdw.radii
 EXCL HETATOMS
 EXCL HYDROGENS
 EXCL WATERS
 READVDW  32 residues input
 UNKNOWN residue type.............>  DG A   1 
 NON-STANDARD atom.| C1'| in residue>  DG A   1 
 GUESSED vdw of  C1' in  DG A   1  =  1.80
 UNKNOWN residue type.............>  DA A   2 
 NON-STANDARD atom.| C1'| in residue>  DA A   2 
 GUESSED vdw of  C1' in  DA A   2  =  1.80
 UNKNOWN residue type.............>  DT A   3 
 NON-STANDARD atom.| C1'| in residue>  DT A   3 
 GUESSED vdw of  C1' in  DT A   3  =  1.80
 UNKNOWN residue type.............>  DT A   4 
 NON-STANDARD atom.| C1'| in residue>  DT A   4 
 GUESSED vdw of  C1' in  DT A   4  =  1.80
 UNKNOWN residue type.............>  DA A   5 
 NON-STANDARD atom.| C1'| in residue>  DA A   5 
 GUESSED vdw of  C1' in  DA A   5  =  1.80
 UNKNOWN residue type.............>  DC A   6 
 NON-STANDARD atom.| C1'| in residue>  DC A   6 
 GUESSED vdw of  C1' in  DC A   6  =  1.80
 UNKNOWN residue type.............>  DA A   7 
 NON-STANDARD atom.| C1'| in residue>  DA A   7 
 GUESSED vdw of  C1' in  DA A   7  =  1.80
 UNKNOWN residue type.............>  DT A   8 
 NON-STANDARD atom.| C1'| in residue>  DT A   8 
 GUESSED vdw of  C1' in  DT A   8  =  1.80
 UNKNOWN residue type.............>  DA A   9 
 NON-STANDARD atom.| C1'| in residue>  DA A   9 
 GUESSED vdw of  C1' in  DA A   9  =  1.80
 UNKNOWN residue type.............>  DC A  10 
 NON-STANDARD atom.| C1'| in residue>  DC A  10 
 GUESSED vdw of  C1' in  DC A  10  =  1.80
 UNKNOWN residue type.............>  DA A  11 
 NON-STANDARD atom.| C1'| in residue>  DA A  11 
 GUESSED vdw of  C1' in  DA A  11  =  1.80
 UNKNOWN residue type.............>  DT A  12 
 NON-STANDARD atom.| C1'| in residue>  DT A  12 
 GUESSED vdw of  C1' in  DT A  12  =  1.80
 UNKNOWN residue type.............>  DA A  13 
 NON-STANDARD atom.| C1'| in residue>  DA A  13 
 GUESSED vdw of  C1' in  DA A  13  =  1.80
 UNKNOWN residue type.............>  DC A  14 
 NON-STANDARD atom.| C1'| in residue>  DC A  14 
 GUESSED vdw of  C1' in  DC A  14  =  1.80
 UNKNOWN residue type.............>  DA A  15 
 NON-STANDARD atom.| C1'| in residue>  DA A  15 
 GUESSED vdw of  C1' in  DA A  15  =  1.80
 UNKNOWN residue type.............>  DG A  16 
 NON-STANDARD atom.| C1'| in residue>  DG A  16 
 GUESSED vdw of  C1' in  DG A  16  =  1.80
 UNKNOWN residue type.............>  DA A  17 
 NON-STANDARD atom.| C1'| in residue>  DA A  17 
 GUESSED vdw of  C1' in  DA A  17  =  1.80
 UNKNOWN residue type.............>  DT A  18 
 NON-STANDARD atom.| C1'| in residue>  DT A  18 
 GUESSED vdw of  C1' in  DT A  18  =  1.80
 UNKNOWN residue type.............>  DT A  19 
 NON-STANDARD atom.| C1'| in residue>  DT A  19 
 GUESSED vdw of  C1' in  DT A  19  =  1.80
 UNKNOWN residue type.............>  DA A  20 
 NON-STANDARD atom.| C1'| in residue>  DA A  20 
 GUESSED vdw of  C1' in  DA A  20  =  1.80
 UNKNOWN residue type.............>  DC A  21 
 NON-STANDARD atom.| C1'| in residue>  DC A  21 
 GUESSED vdw of  C1' in  DC A  21  =  1.80
 UNKNOWN residue type.............>  DA A  22 
 NON-STANDARD atom.| C1'| in residue>  DA A  22 
 GUESSED vdw of  C1' in  DA A  22  =  1.80
 UNKNOWN residue type.............>  DT A  23 
 NON-STANDARD atom.| C1'| in residue>  DT A  23 
 GUESSED vdw of  C1' in  DT A  23  =  1.80
 UNKNOWN residue type.............>  DA A  24 
 NON-STANDARD atom.| C1'| in residue>  DA A  24 
 GUESSED vdw of  C1' in  DA A  24  =  1.80
 UNKNOWN residue type.............>  DC A  25 
 NON-STANDARD atom.| C1'| in residue>  DC A  25 
 GUESSED vdw of  C1' in  DC A  25  =  1.80
 UNKNOWN residue type.............>  DA A  26 
 NON-STANDARD atom.| C1'| in residue>  DA A  26 
 GUESSED vdw of  C1' in  DA A  26  =  1.80
 UNKNOWN residue type.............>  DT A  27 
 NON-STANDARD atom.| C1'| in residue>  DT A  27 
 GUESSED vdw of  C1' in  DT A  27  =  1.80
 UNKNOWN residue type.............>  DA A  28 
 NON-STANDARD atom.| C1'| in residue>  DA A  28 
 GUESSED vdw of  C1' in  DA A  28  =  1.80
 UNKNOWN residue type.............>  DC A  29 
 NON-STANDARD atom.| C1'| in residue>  DC A  29 
 GUESSED vdw of  C1' in  DC A  29  =  1.80
 UNKNOWN residue type.............>  DA A  30 
 NON-STANDARD atom.| C1'| in residue>  DA A  30 
 GUESSED vdw of  C1' in  DA A  30  =  1.80
 UNKNOWN residue type.............>  DG A  31 
 NON-STANDARD atom.| C1'| in residue>  DG A  31 
 GUESSED vdw of  C1' in  DG A  31  =  1.80
 UNKNOWN residue type.............>  DA A  32 
 NON-STANDARD atom.| C1'| in residue>  DA A  32 
 GUESSED vdw of  C1' in  DA A  32  =  1.80
 UNKNOWN residue type.............>  DT A  33 
 NON-STANDARD atom.| C1'| in residue>  DT A  33 
 GUESSED vdw of  C1' in  DT A  33  =  1.80
 UNKNOWN residue type.............>  DT A  34 
 NON-STANDARD atom.| C1'| in residue>  DT A  34 
 GUESSED vdw of  C1' in  DT A  34  =  1.80
 UNKNOWN residue type.............>  DA A  35 
 NON-STANDARD atom.| C1'| in residue>  DA A  35 
 GUESSED vdw of  C1' in  DA A  35  =  1.80
 UNKNOWN residue type.............>  DC A  36 
 NON-STANDARD atom.| C1'| in residue>  DC A  36 
 GUESSED vdw of  C1' in  DC A  36  =  1.80
 UNKNOWN residue type.............>  DA A  37 
 NON-STANDARD atom.| C1'| in residue>  DA A  37 
 GUESSED vdw of  C1' in  DA A  37  =  1.80
 UNKNOWN residue type.............>  DT A  38 
 NON-STANDARD atom.| C1'| in residue>  DT A  38 
 GUESSED vdw of  C1' in  DT A  38  =  1.80
 UNKNOWN residue type.............>  DA A  39 
 NON-STANDARD atom.| C1'| in residue>  DA A  39 
 GUESSED vdw of  C1' in  DA A  39  =  1.80
 UNKNOWN residue type.............>  DC A  40 
 NON-STANDARD atom.| C1'| in residue>  DC A  40 
 GUESSED vdw of  C1' in  DC A  40  =  1.80
 UNKNOWN residue type.............>  DA A  41 
 NON-STANDARD atom.| C1'| in residue>  DA A  41 
 GUESSED vdw of  C1' in  DA A  41  =  1.80
 UNKNOWN residue type.............>  DT A  42 
 NON-STANDARD atom.| C1'| in residue>  DT A  42 
 GUESSED vdw of  C1' in  DT A  42  =  1.80
 UNKNOWN residue type.............>  DA A  43 
 NON-STANDARD atom.| C1'| in residue>  DA A  43 
 GUESSED vdw of  C1' in  DA A  43  =  1.80
 UNKNOWN residue type.............>  DC A  44 
 NON-STANDARD atom.| C1'| in residue>  DC A  44 
 GUESSED vdw of  C1' in  DC A  44  =  1.80
 UNKNOWN residue type.............>  DA A  45 
 NON-STANDARD atom.| C1'| in residue>  DA A  45 
 GUESSED vdw of  C1' in  DA A  45  =  1.80
 UNKNOWN residue type.............>  DG A  46 
 NON-STANDARD atom.| C1'| in residue>  DG A  46 
 GUESSED vdw of  C1' in  DG A  46  =  1.80
 UNKNOWN residue type.............>  DA A  47 
 NON-STANDARD atom.| C1'| in residue>  DA A  47 
 GUESSED vdw of  C1' in  DA A  47  =  1.80
 UNKNOWN residue type.............>  DT A  48 
 NON-STANDARD atom.| C1'| in residue>  DT A  48 
 GUESSED vdw of  C1' in  DT A  48  =  1.80
 UNKNOWN residue type.............>  DT A  49 
 NON-STANDARD atom.| C1'| in residue>  DT A  49 
 GUESSED vdw of  C1' in  DT A  49  =  1.80
 UNKNOWN residue type.............>  DA A  50 
 NON-STANDARD atom.| C1'| in residue>  DA A  50 
 GUESSED vdw of  C1' in  DA A  50  =  1.80
 UNKNOWN residue type.............>  DC A  51 
 NON-STANDARD atom.| C1'| in residue>  DC A  51 
 GUESSED vdw of  C1' in  DC A  51  =  1.80
 UNKNOWN residue type.............>  DA A  52 
 NON-STANDARD atom.| C1'| in residue>  DA A  52 
 GUESSED vdw of  C1' in  DA A  52  =  1.80
 UNKNOWN residue type.............>  DT A  53 
 NON-STANDARD atom.| C1'| in residue>  DT A  53 
 GUESSED vdw of  C1' in  DT A  53  =  1.80
 UNKNOWN residue type.............>  DA A  54 
 NON-STANDARD atom.| C1'| in residue>  DA A  54 
 GUESSED vdw of  C1' in  DA A  54  =  1.80
 UNKNOWN residue type.............>  DC A  55 
 NON-STANDARD atom.| C1'| in residue>  DC A  55 
 GUESSED vdw of  C1' in  DC A  55  =  1.80
 UNKNOWN residue type.............>  DA A  56 
 NON-STANDARD atom.| C1'| in residue>  DA A  56 
 GUESSED vdw of  C1' in  DA A  56  =  1.80
 UNKNOWN residue type.............>  DT A  57 
 NON-STANDARD atom.| C1'| in residue>  DT A  57 
 GUESSED vdw of  C1' in  DT A  57  =  1.80
 UNKNOWN residue type.............>  DA A  58 
 NON-STANDARD atom.| C1'| in residue>  DA A  58 
 GUESSED vdw of  C1' in  DA A  58  =  1.80
 UNKNOWN residue type.............>  DC A  59 
 NON-STANDARD atom.| C1'| in residue>  DC A  59 
 GUESSED vdw of  C1' in  DC A  59  =  1.80
 UNKNOWN residue type.............>  DA A  60 
 NON-STANDARD atom.| C1'| in residue>  DA A  60 
 GUESSED vdw of  C1' in  DA A  60  =  1.80
 UNKNOWN residue type.............>  DG A  61 
 NON-STANDARD atom.| C1'| in residue>  DG A  61 
 GUESSED vdw of  C1' in  DG A  61  =  1.80
 UNKNOWN residue type.............>  DA A  62 
 NON-STANDARD atom.| C1'| in residue>  DA A  62 
 GUESSED vdw of  C1' in  DA A  62  =  1.80
 UNKNOWN residue type.............>  DT A  63 
 NON-STANDARD atom.| C1'| in residue>  DT A  63 
 GUESSED vdw of  C1' in  DT A  63  =  1.80
 UNKNOWN residue type.............>  DT A  64 
 NON-STANDARD atom.| C1'| in residue>  DT A  64 
 GUESSED vdw of  C1' in  DT A  64  =  1.80
 UNKNOWN residue type.............>  DA A  65 
 NON-STANDARD atom.| C1'| in residue>  DA A  65 
 GUESSED vdw of  C1' in  DA A  65  =  1.80
 UNKNOWN residue type.............>  DC A  66 
 NON-STANDARD atom.| C1'| in residue>  DC A  66 
 GUESSED vdw of  C1' in  DC A  66  =  1.80
 UNKNOWN residue type.............>  DA A  67 
 NON-STANDARD atom.| C1'| in residue>  DA A  67 
 GUESSED vdw of  C1' in  DA A  67  =  1.80
 UNKNOWN residue type.............>  DT A  68 
 NON-STANDARD atom.| C1'| in residue>  DT A  68 
 GUESSED vdw of  C1' in  DT A  68  =  1.80
 UNKNOWN residue type.............>  DA A  69 
 NON-STANDARD atom.| C1'| in residue>  DA A  69 
 GUESSED vdw of  C1' in  DA A  69  =  1.80
 UNKNOWN residue type.............>  DC A  70 
 NON-STANDARD atom.| C1'| in residue>  DC A  70 
 GUESSED vdw of  C1' in  DC A  70  =  1.80
 UNKNOWN residue type.............>  DA A  71 
 NON-STANDARD atom.| C1'| in residue>  DA A  71 
 GUESSED vdw of  C1' in  DA A  71  =  1.80
 UNKNOWN residue type.............>  DT A  72 
 NON-STANDARD atom.| C1'| in residue>  DT A  72 
 GUESSED vdw of  C1' in  DT A  72  =  1.80
 UNKNOWN residue type.............>  DA A  73 
 NON-STANDARD atom.| C1'| in residue>  DA A  73 
 GUESSED vdw of  C1' in  DA A  73  =  1.80
 UNKNOWN residue type.............>  DC A  74 
 NON-STANDARD atom.| C1'| in residue>  DC A  74 
 GUESSED vdw of  C1' in  DC A  74  =  1.80
 UNKNOWN residue type.............>  DA A  75 
 NON-STANDARD atom.| C1'| in residue>  DA A  75 
 GUESSED vdw of  C1' in  DA A  75  =  1.80
 UNKNOWN residue type.............>  DG A  76 
 NON-STANDARD atom.| C1'| in residue>  DG A  76 
 GUESSED vdw of  C1' in  DG A  76  =  1.80
 UNKNOWN residue type.............>  DA A  77 
 NON-STANDARD atom.| C1'| in residue>  DA A  77 
 GUESSED vdw of  C1' in  DA A  77  =  1.80
 UNKNOWN residue type.............>  DT A  78 
 NON-STANDARD atom.| C1'| in residue>  DT A  78 
 GUESSED vdw of  C1' in  DT A  78  =  1.80
 UNKNOWN residue type.............>  DT A  79 
 NON-STANDARD atom.| C1'| in residue>  DT A  79 
 GUESSED vdw of  C1' in  DT A  79  =  1.80
 UNKNOWN residue type.............>  DA A  80 
 NON-STANDARD atom.| C1'| in residue>  DA A  80 
 GUESSED vdw of  C1' in  DA A  80  =  1.80
 UNKNOWN residue type.............>  DC A  81 
 NON-STANDARD atom.| C1'| in residue>  DC A  81 
 GUESSED vdw of  C1' in  DC A  81  =  1.80
 UNKNOWN residue type.............>  DA A  82 
 NON-STANDARD atom.| C1'| in residue>  DA A  82 
 GUESSED vdw of  C1' in  DA A  82  =  1.80
 UNKNOWN residue type.............>  DT A  83 
 NON-STANDARD atom.| C1'| in residue>  DT A  83 
 GUESSED vdw of  C1' in  DT A  83  =  1.80
 UNKNOWN residue type.............>  DA A  84 
 NON-STANDARD atom.| C1'| in residue>  DA A  84 
 GUESSED vdw of  C1' in  DA A  84  =  1.80
 UNKNOWN residue type.............>  DC A  85 
 NON-STANDARD atom.| C1'| in residue>  DC A  85 
 GUESSED vdw of  C1' in  DC A  85  =  1.80
 UNKNOWN residue type.............>  DA A  86 
 NON-STANDARD atom.| C1'| in residue>  DA A  86 
 GUESSED vdw of  C1' in  DA A  86  =  1.80
 UNKNOWN residue type.............>  DT A  87 
 NON-STANDARD atom.| C1'| in residue>  DT A  87 
 GUESSED vdw of  C1' in  DT A  87  =  1.80
 UNKNOWN residue type.............>  DA A  88 
 NON-STANDARD atom.| C1'| in residue>  DA A  88 
 GUESSED vdw of  C1' in  DA A  88  =  1.80
 UNKNOWN residue type.............>  DC A  89 
 NON-STANDARD atom.| C1'| in residue>  DC A  89 
 GUESSED vdw of  C1' in  DC A  89  =  1.80
 UNKNOWN residue type.............>  DA A  90 
 NON-STANDARD atom.| C1'| in residue>  DA A  90 
 GUESSED vdw of  C1' in  DA A  90  =  1.80
 UNKNOWN residue type.............>  DT B  91 
 NON-STANDARD atom.| C1'| in residue>  DT B  91 
 GUESSED vdw of  C1' in  DT B  91  =  1.80
 UNKNOWN residue type.............>  DG B  92 
 NON-STANDARD atom.| C1'| in residue>  DG B  92 
 GUESSED vdw of  C1' in  DG B  92  =  1.80
 UNKNOWN residue type.............>  DT B  93 
 NON-STANDARD atom.| C1'| in residue>  DT B  93 
 GUESSED vdw of  C1' in  DT B  93  =  1.80
 UNKNOWN residue type.............>  DA B  94 
 NON-STANDARD atom.| C1'| in residue>  DA B  94 
 GUESSED vdw of  C1' in  DA B  94  =  1.80
 UNKNOWN residue type.............>  DT B  95 
 NON-STANDARD atom.| C1'| in residue>  DT B  95 
 GUESSED vdw of  C1' in  DT B  95  =  1.80
 UNKNOWN residue type.............>  DG B  96 
 NON-STANDARD atom.| C1'| in residue>  DG B  96 
 GUESSED vdw of  C1' in  DG B  96  =  1.80
 UNKNOWN residue type.............>  DT B  97 
 NON-STANDARD atom.| C1'| in residue>  DT B  97 
 GUESSED vdw of  C1' in  DT B  97  =  1.80
 UNKNOWN residue type.............>  DA B  98 
 NON-STANDARD atom.| C1'| in residue>  DA B  98 
 GUESSED vdw of  C1' in  DA B  98  =  1.80
 UNKNOWN residue type.............>  DT B  99 
 NON-STANDARD atom.| C1'| in residue>  DT B  99 
 GUESSED vdw of  C1' in  DT B  99  =  1.80
 UNKNOWN residue type.............>  DG B 100 
 NON-STANDARD atom.| C1'| in residue>  DG B 100 
 GUESSED vdw of  C1' in  DG B 100  =  1.80
 UNKNOWN residue type.............>  DT B 101 
 NON-STANDARD atom.| C1'| in residue>  DT B 101 
 GUESSED vdw of  C1' in  DT B 101  =  1.80
 UNKNOWN residue type.............>  DA B 102 
 NON-STANDARD atom.| C1'| in residue>  DA B 102 
 GUESSED vdw of  C1' in  DA B 102  =  1.80
 UNKNOWN residue type.............>  DA B 103 
 NON-STANDARD atom.| C1'| in residue>  DA B 103 
 GUESSED vdw of  C1' in  DA B 103  =  1.80
 UNKNOWN residue type.............>  DT B 104 
 NON-STANDARD atom.| C1'| in residue>  DT B 104 
 GUESSED vdw of  C1' in  DT B 104  =  1.80
 UNKNOWN residue type.............>  DC B 105 
 NON-STANDARD atom.| C1'| in residue>  DC B 105 
 GUESSED vdw of  C1' in  DC B 105  =  1.80
 UNKNOWN residue type.............>  DT B 106 
 NON-STANDARD atom.| C1'| in residue>  DT B 106 
 GUESSED vdw of  C1' in  DT B 106  =  1.80
 UNKNOWN residue type.............>  DG B 107 
 NON-STANDARD atom.| C1'| in residue>  DG B 107 
 GUESSED vdw of  C1' in  DG B 107  =  1.80
 UNKNOWN residue type.............>  DT B 108 
 NON-STANDARD atom.| C1'| in residue>  DT B 108 
 GUESSED vdw of  C1' in  DT B 108  =  1.80
 UNKNOWN residue type.............>  DA B 109 
 NON-STANDARD atom.| C1'| in residue>  DA B 109 
 GUESSED vdw of  C1' in  DA B 109  =  1.80
 UNKNOWN residue type.............>  DT B 110 
 NON-STANDARD atom.| C1'| in residue>  DT B 110 
 GUESSED vdw of  C1' in  DT B 110  =  1.80
 UNKNOWN residue type.............>  DG B 111 
 NON-STANDARD atom.| C1'| in residue>  DG B 111 
 GUESSED vdw of  C1' in  DG B 111  =  1.80
 UNKNOWN residue type.............>  DT B 112 
 NON-STANDARD atom.| C1'| in residue>  DT B 112 
 GUESSED vdw of  C1' in  DT B 112  =  1.80
 UNKNOWN residue type.............>  DA B 113 
 NON-STANDARD atom.| C1'| in residue>  DA B 113 
 GUESSED vdw of  C1' in  DA B 113  =  1.80
 UNKNOWN residue type.............>  DT B 114 
 NON-STANDARD atom.| C1'| in residue>  DT B 114 
 GUESSED vdw of  C1' in  DT B 114  =  1.80
 UNKNOWN residue type.............>  DG B 115 
 NON-STANDARD atom.| C1'| in residue>  DG B 115 
 GUESSED vdw of  C1' in  DG B 115  =  1.80
 UNKNOWN residue type.............>  DT B 116 
 NON-STANDARD atom.| C1'| in residue>  DT B 116 
 GUESSED vdw of  C1' in  DT B 116  =  1.80
 UNKNOWN residue type.............>  DA B 117 
 NON-STANDARD atom.| C1'| in residue>  DA B 117 
 GUESSED vdw of  C1' in  DA B 117  =  1.80
 UNKNOWN residue type.............>  DA B 118 
 NON-STANDARD atom.| C1'| in residue>  DA B 118 
 GUESSED vdw of  C1' in  DA B 118  =  1.80
 UNKNOWN residue type.............>  DT B 119 
 NON-STANDARD atom.| C1'| in residue>  DT B 119 
 GUESSED vdw of  C1' in  DT B 119  =  1.80
 UNKNOWN residue type.............>  DC B 120 
 NON-STANDARD atom.| C1'| in residue>  DC B 120 
 GUESSED vdw of  C1' in  DC B 120  =  1.80
 UNKNOWN residue type.............>  DT B 121 
 NON-STANDARD atom.| C1'| in residue>  DT B 121 
 GUESSED vdw of  C1' in  DT B 121  =  1.80
 UNKNOWN residue type.............>  DG B 122 
 NON-STANDARD atom.| C1'| in residue>  DG B 122 
 GUESSED vdw of  C1' in  DG B 122  =  1.80
 UNKNOWN residue type.............>  DT B 123 
 NON-STANDARD atom.| C1'| in residue>  DT B 123 
 GUESSED vdw of  C1' in  DT B 123  =  1.80
 UNKNOWN residue type.............>  DA B 124 
 NON-STANDARD atom.| C1'| in residue>  DA B 124 
 GUESSED vdw of  C1' in  DA B 124  =  1.80
 UNKNOWN residue type.............>  DT B 125 
 NON-STANDARD atom.| C1'| in residue>  DT B 125 
 GUESSED vdw of  C1' in  DT B 125  =  1.80
 UNKNOWN residue type.............>  DG B 126 
 NON-STANDARD atom.| C1'| in residue>  DG B 126 
 GUESSED vdw of  C1' in  DG B 126  =  1.80
 UNKNOWN residue type.............>  DT B 127 
 NON-STANDARD atom.| C1'| in residue>  DT B 127 
 GUESSED vdw of  C1' in  DT B 127  =  1.80
 UNKNOWN residue type.............>  DA B 128 
 NON-STANDARD atom.| C1'| in residue>  DA B 128 
 GUESSED vdw of  C1' in  DA B 128  =  1.80
 UNKNOWN residue type.............>  DT B 129 
 NON-STANDARD atom.| C1'| in residue>  DT B 129 
 GUESSED vdw of  C1' in  DT B 129  =  1.80
 UNKNOWN residue type.............>  DG B 130 
 NON-STANDARD atom.| C1'| in residue>  DG B 130 
 GUESSED vdw of  C1' in  DG B 130  =  1.80
 UNKNOWN residue type.............>  DT B 131 
 NON-STANDARD atom.| C1'| in residue>  DT B 131 
 GUESSED vdw of  C1' in  DT B 131  =  1.80
 UNKNOWN residue type.............>  DA B 132 
 NON-STANDARD atom.| C1'| in residue>  DA B 132 
 GUESSED vdw of  C1' in  DA B 132  =  1.80
 UNKNOWN residue type.............>  DA B 133 
 NON-STANDARD atom.| C1'| in residue>  DA B 133 
 GUESSED vdw of  C1' in  DA B 133  =  1.80
 UNKNOWN residue type.............>  DT B 134 
 NON-STANDARD atom.| C1'| in residue>  DT B 134 
 GUESSED vdw of  C1' in  DT B 134  =  1.80
 UNKNOWN residue type.............>  DC B 135 
 NON-STANDARD atom.| C1'| in residue>  DC B 135 
 GUESSED vdw of  C1' in  DC B 135  =  1.80
 UNKNOWN residue type.............>  DT B 136 
 NON-STANDARD atom.| C1'| in residue>  DT B 136 
 GUESSED vdw of  C1' in  DT B 136  =  1.80
 UNKNOWN residue type.............>  DG B 137 
 NON-STANDARD atom.| C1'| in residue>  DG B 137 
 GUESSED vdw of  C1' in  DG B 137  =  1.80
 UNKNOWN residue type.............>  DT B 138 
 NON-STANDARD atom.| C1'| in residue>  DT B 138 
 GUESSED vdw of  C1' in  DT B 138  =  1.80
 UNKNOWN residue type.............>  DA B 139 
 NON-STANDARD atom.| C1'| in residue>  DA B 139 
 GUESSED vdw of  C1' in  DA B 139  =  1.80
 UNKNOWN residue type.............>  DT B 140 
 NON-STANDARD atom.| C1'| in residue>  DT B 140 
 GUESSED vdw of  C1' in  DT B 140  =  1.80
 UNKNOWN residue type.............>  DG B 141 
 NON-STANDARD atom.| C1'| in residue>  DG B 141 
 GUESSED vdw of  C1' in  DG B 141  =  1.80
 UNKNOWN residue type.............>  DT B 142 
 NON-STANDARD atom.| C1'| in residue>  DT B 142 
 GUESSED vdw of  C1' in  DT B 142  =  1.80
 UNKNOWN residue type.............>  DA B 143 
 NON-STANDARD atom.| C1'| in residue>  DA B 143 
 GUESSED vdw of  C1' in  DA B 143  =  1.80
 UNKNOWN residue type.............>  DT B 144 
 NON-STANDARD atom.| C1'| in residue>  DT B 144 
 GUESSED vdw of  C1' in  DT B 144  =  1.80
 UNKNOWN residue type.............>  DG B 145 
 NON-STANDARD atom.| C1'| in residue>  DG B 145 
 GUESSED vdw of  C1' in  DG B 145  =  1.80
 UNKNOWN residue type.............>  DT B 146 
 NON-STANDARD atom.| C1'| in residue>  DT B 146 
 GUESSED vdw of  C1' in  DT B 146  =  1.80
 UNKNOWN residue type.............>  DA B 147 
 NON-STANDARD atom.| C1'| in residue>  DA B 147 
 GUESSED vdw of  C1' in  DA B 147  =  1.80
 UNKNOWN residue type.............>  DA B 148 
 NON-STANDARD atom.| C1'| in residue>  DA B 148 
 GUESSED vdw of  C1' in  DA B 148  =  1.80
 UNKNOWN residue type.............>  DT B 149 
 NON-STANDARD atom.| C1'| in residue>  DT B 149 
 GUESSED vdw of  C1' in  DT B 149  =  1.80
 UNKNOWN residue type.............>  DC B 150 
 NON-STANDARD atom.| C1'| in residue>  DC B 150 
 GUESSED vdw of  C1' in  DC B 150  =  1.80
 UNKNOWN residue type.............>  DT B 151 
 NON-STANDARD atom.| C1'| in residue>  DT B 151 
 GUESSED vdw of  C1' in  DT B 151  =  1.80
 UNKNOWN residue type.............>  DG B 152 
 NON-STANDARD atom.| C1'| in residue>  DG B 152 
 GUESSED vdw of  C1' in  DG B 152  =  1.80
 UNKNOWN residue type.............>  DT B 153 
 NON-STANDARD atom.| C1'| in residue>  DT B 153 
 GUESSED vdw of  C1' in  DT B 153  =  1.80
 UNKNOWN residue type.............>  DA B 154 
 NON-STANDARD atom.| C1'| in residue>  DA B 154 
 GUESSED vdw of  C1' in  DA B 154  =  1.80
 UNKNOWN residue type.............>  DT B 155 
 NON-STANDARD atom.| C1'| in residue>  DT B 155 
 GUESSED vdw of  C1' in  DT B 155  =  1.80
 UNKNOWN residue type.............>  DG B 156 
 NON-STANDARD atom.| C1'| in residue>  DG B 156 
 GUESSED vdw of  C1' in  DG B 156  =  1.80
 UNKNOWN residue type.............>  DT B 157 
 NON-STANDARD atom.| C1'| in residue>  DT B 157 
 GUESSED vdw of  C1' in  DT B 157  =  1.80
 UNKNOWN residue type.............>  DA B 158 
 NON-STANDARD atom.| C1'| in residue>  DA B 158 
 GUESSED vdw of  C1' in  DA B 158  =  1.80
 UNKNOWN residue type.............>  DT B 159 
 NON-STANDARD atom.| C1'| in residue>  DT B 159 
 GUESSED vdw of  C1' in  DT B 159  =  1.80
 UNKNOWN residue type.............>  DG B 160 
 NON-STANDARD atom.| C1'| in residue>  DG B 160 
 GUESSED vdw of  C1' in  DG B 160  =  1.80
 UNKNOWN residue type.............>  DT B 161 
 NON-STANDARD atom.| C1'| in residue>  DT B 161 
 GUESSED vdw of  C1' in  DT B 161  =  1.80
 UNKNOWN residue type.............>  DA B 162 
 NON-STANDARD atom.| C1'| in residue>  DA B 162 
 GUESSED vdw of  C1' in  DA B 162  =  1.80
 UNKNOWN residue type.............>  DA B 163 
 NON-STANDARD atom.| C1'| in residue>  DA B 163 
 GUESSED vdw of  C1' in  DA B 163  =  1.80
 UNKNOWN residue type.............>  DT B 164 
 NON-STANDARD atom.| C1'| in residue>  DT B 164 
 GUESSED vdw of  C1' in  DT B 164  =  1.80
 UNKNOWN residue type.............>  DC B 165 
 NON-STANDARD atom.| C1'| in residue>  DC B 165 
 GUESSED vdw of  C1' in  DC B 165  =  1.80
 UNKNOWN residue type.............>  DT B 166 
 NON-STANDARD atom.| C1'| in residue>  DT B 166 
 GUESSED vdw of  C1' in  DT B 166  =  1.80
 UNKNOWN residue type.............>  DG B 167 
 NON-STANDARD atom.| C1'| in residue>  DG B 167 
 GUESSED vdw of  C1' in  DG B 167  =  1.80
 UNKNOWN residue type.............>  DT B 168 
 NON-STANDARD atom.| C1'| in residue>  DT B 168 
 GUESSED vdw of  C1' in  DT B 168  =  1.80
 UNKNOWN residue type.............>  DA B 169 
 NON-STANDARD atom.| C1'| in residue>  DA B 169 
 GUESSED vdw of  C1' in  DA B 169  =  1.80
 UNKNOWN residue type.............>  DT B 170 
 NON-STANDARD atom.| C1'| in residue>  DT B 170 
 GUESSED vdw of  C1' in  DT B 170  =  1.80
 UNKNOWN residue type.............>  DG B 171 
 NON-STANDARD atom.| C1'| in residue>  DG B 171 
 GUESSED vdw of  C1' in  DG B 171  =  1.80
 UNKNOWN residue type.............>  DT B 172 
 NON-STANDARD atom.| C1'| in residue>  DT B 172 
 GUESSED vdw of  C1' in  DT B 172  =  1.80
 UNKNOWN residue type.............>  DA B 173 
 NON-STANDARD atom.| C1'| in residue>  DA B 173 
 GUESSED vdw of  C1' in  DA B 173  =  1.80
 UNKNOWN residue type.............>  DT B 174 
 NON-STANDARD atom.| C1'| in residue>  DT B 174 
 GUESSED vdw of  C1' in  DT B 174  =  1.80
 UNKNOWN residue type.............>  DG B 175 
 NON-STANDARD atom.| C1'| in residue>  DG B 175 
 GUESSED vdw of  C1' in  DG B 175  =  1.80
 UNKNOWN residue type.............>  DT B 176 
 NON-STANDARD atom.| C1'| in residue>  DT B 176 
 GUESSED vdw of  C1' in  DT B 176  =  1.80
 UNKNOWN residue type.............>  DA B 177 
 NON-STANDARD atom.| C1'| in residue>  DA B 177 
 GUESSED vdw of  C1' in  DA B 177  =  1.80
 UNKNOWN residue type.............>  DA B 178 
 NON-STANDARD atom.| C1'| in residue>  DA B 178 
 GUESSED vdw of  C1' in  DA B 178  =  1.80
 UNKNOWN residue type.............>  DT B 179 
 NON-STANDARD atom.| C1'| in residue>  DT B 179 
 GUESSED vdw of  C1' in  DT B 179  =  1.80
 UNKNOWN residue type.............>  DC B 180 
 NON-STANDARD atom.| C1'| in residue>  DC B 180 
 GUESSED vdw of  C1' in  DC B 180  =  1.80
 ADDED VDW RADII
 CHAINS       6
 RESIDUES   452
 ATOMS     2380
 SOLVA: PROGRAM ENDS CORRECTLY
 CALCULATED ATOMIC ACCESSIBILITES
 RELATIVE (STANDARD) ACCESSIBILITIES READFOR  20 AMINO ACIDS
 SUMMED ACCESSIBILITIES OVER RESIDUES
