## CGeNArate ##
## GENERATING TRAJECTORY (ENSEMBLE with 10 STRUCTURES)
# STEP 1: Executing fdhelix...
getfdhelix.sh /mnt/Web/CGN67d94208e0ecb/inputSequence.txt /mnt/Web/CGN67d94208e0ecb/TRAJ_CG/output_pdb/structure_000000.pdb 
python /app/Scripts/cgenarate-materials/fdhelix/buildCircular.py /mnt/Web/CGN67d94208e0ecb/TRAJ_CG/output_pdb/structure_000000.pdb /mnt/Web/CGN67d94208e0ecb/TRAJ_CG/output_pdb/structure_000000_circ.pdb -1
# STEP 2: Executing CGenerate...
/app/Scripts/cgenarate-Mitochondria/CGeNArate.seq.exe /mnt/Web/CGN67d94208e0ecb/TRAJ_CG/output_schnarp/cgenerate_config.toml
# STEP 3: Building trajectory...
cpptraj -p /mnt/Web/CGN67d94208e0ecb/TRAJ_CG/output_pdb/structure_000000_CG.pdb < reference_pdb_cpptraj.in > reference_pdb_cpptraj.log
cpptraj -p /mnt/Web/CGN67d94208e0ecb/TRAJ_CG/output_pdb/structure_000000_CG.pdb < make_traj_cpptraj.in > cpptraj.log
cpptraj -p /mnt/Web/CGN67d94208e0ecb/TRAJ_CG/output_pdb/structure_000000_CG.pdb -y /mnt/Web/CGN67d94208e0ecb/TRAJ_CG/output_schnarp/cgenarate_traj.fitted.mdcrd -x /mnt/Web/CGN67d94208e0ecb/TRAJ_CG/output_schnarp/display/mc_dna_str.dcd > cpptraj_dcd.log
Building downloadable tar package...
DONE!!
## Analysis ##

#
# RESOLUTION: CG, SYSTEM: TRAJ, METHOD: circular, SEQ_LEN: 94
#

STARTING ANALYSIS FOR circular METHOD...

## TRAJECTORY ANALYSES
# STEP 1: Analysis on Flexibility (NAFlex)...
# STEP 2: Analysis on Bending...
# STEP 3: Analysis on Circularity...
# STEP 4: Analysis on Elastic Energy...
Building downloadable tar package for CGeNArate Analysis...
DONE!!
## Execute end-of-work routines ##
