
CPPTRAJ: Trajectory Analysis. V6.24.0 (AmberTools)
    ___  ___  ___  ___
     | \/ | \/ | \/ | 
    _|_/\_|_/\_|_/\_|_

| Date/time: 03/18/25 18:27:37
| Available memory: 923.623 MB

INPUT: Reading input from 'STDIN'
  [parm input/traj_H.prmtop]
	Reading 'input/traj_H.prmtop' as Amber Topology
	Radius Set: modified Bondi radii (mbondi)
  [parmstrip @H*]
	Stripping atoms in mask [@H*] (686) from traj_H.prmtop
	Stripped parm: 1224 atoms, 60 res, box: None, 2 mol
  [parmwrite out input/traj.prmtop]
	Writing topology 0 (traj_H.prmtop) to 'input/traj.prmtop' with format Amber Topology
	Memory used by full exclusion list: 22.480 kB
  [go]
---------- RUN BEGIN -------------------------------------------------
Warning: No input trajectories specified.
TIME: Analyses took 0.0000 seconds.

RUN TIMING:
TIME:		Init               : 0.0000 s (  0.00%)
TIME:		Trajectory Process : 0.0000 s (  0.00%)
TIME:		Action Post        : 0.0000 s (  0.00%)
TIME:		Analysis           : 0.0000 s (  2.70%)
TIME:		Data File Write    : 0.0001 s ( 10.31%)
TIME:		Other              : 0.0007 s (  0.87%)
TIME:	Run Total 0.0008 s
---------- RUN END ---------------------------------------------------
TIME: Total execution time: 0.3639 seconds.
--------------------------------------------------------------------------------
To cite CPPTRAJ use:
Daniel R. Roe and Thomas E. Cheatham, III, "PTRAJ and CPPTRAJ: Software for
  Processing and Analysis of Molecular Dynamics Trajectory Data". J. Chem.
  Theory Comput., 2013, 9 (7), pp 3084-3095.

