
CPPTRAJ: Trajectory Analysis. V6.24.0 (AmberTools)
    ___  ___  ___  ___
     | \/ | \/ | \/ | 
    _|_/\_|_/\_|_/\_|_

| Date/time: 03/17/25 18:56:32
| Available memory: 1.654 GB

	Reading '/mnt/Web/CGN67d87049a7a14/TRAJ_CG/ANALYSIS/NAFlex/INFO/structure.stripped.noH.top' as PDB File
	Reading bond info from CONECT records.
	Not reading bond info from LINK records.
	Determining bond info from distances.
Warning: Determining bond length parameters from element types for 'structure.stripped.noH.top'.
INPUT: Reading input from 'STDIN'
  [trajin /mnt/Web/CGN67d87049a7a14/TRAJ_CG/ANALYSIS/NAFlex/INFO/structure.stripped.noH.trj 1 1 1]
	Reading '/mnt/Web/CGN67d87049a7a14/TRAJ_CG/ANALYSIS/NAFlex/INFO/structure.stripped.noH.trj' as Amber Trajectory
Warning: structure.stripped.noH.trj: Could not accurately predict # frames. This usually
Warning:  indicates a corrupted trajectory or trajectory/topology
Warning:  mismatch. Will attempt to read 3 frames.
  [trajout /mnt/Web/CGN67d87049a7a14/TRAJ_CG/ANALYSIS/NAFlex/INFO/structure.stripped.noH.pdb]
	Writing '/mnt/Web/CGN67d87049a7a14/TRAJ_CG/ANALYSIS/NAFlex/INFO/structure.stripped.noH.pdb' as PDB
---------- RUN BEGIN -------------------------------------------------

PARAMETER FILES (1 total):
 0: structure.stripped.noH.top, 3027 atoms, 452 res, box: None, 184 mol

INPUT TRAJECTORIES (1 total):
 0: 'structure.stripped.noH.trj' is an AMBER trajectory, Parm structure.stripped.noH.top (reading 1 of 3)
  Coordinate processing will occur on 1 frames.

OUTPUT TRAJECTORIES (1 total):
  'structure.stripped.noH.pdb' (1 frames) is a PDB file

BEGIN TRAJECTORY PROCESSING:
.....................................................
ACTIVE OUTPUT TRAJECTORIES (1):
  /mnt/Web/CGN67d87049a7a14/TRAJ_CG/ANALYSIS/NAFlex/INFO/structure.stripped.noH.pdb (coordinates)
----- structure.stripped.noH.trj (1-1, 1) -----
100% Complete.

Read 1 frames and processed 1 frames.
TIME: Avg. throughput= 64.1560 frames / second.

ACTION OUTPUT:
TIME: Analyses took 0.0000 seconds.

RUN TIMING:
TIME:		Init               : 0.0000 s (  0.07%)
TIME:		Trajectory Process : 0.0156 s ( 90.61%)
TIME:		Action Post        : 0.0000 s (  0.00%)
TIME:		Analysis           : 0.0000 s (  0.01%)
TIME:		Data File Write    : 0.0000 s (  0.01%)
TIME:		Other              : 0.0016 s (  0.09%)
TIME:	Run Total 0.0172 s
---------- RUN END ---------------------------------------------------
TIME: Total execution time: 0.1746 seconds.
--------------------------------------------------------------------------------
To cite CPPTRAJ use:
Daniel R. Roe and Thomas E. Cheatham, III, "PTRAJ and CPPTRAJ: Software for
  Processing and Analysis of Molecular Dynamics Trajectory Data". J. Chem.
  Theory Comput., 2013, 9 (7), pp 3084-3095.

