
CPPTRAJ: Trajectory Analysis. V6.24.0 (AmberTools)
    ___  ___  ___  ___
     | \/ | \/ | \/ | 
    _|_/\_|_/\_|_/\_|_

| Date/time: 03/18/25 18:49:24
| Available memory: 731.398 MB

	Reading '/mnt/Web/CGN67d9bfc0515cd/TRAJ_CG/ANALYSIS/NAFlex/INFO/structure.stripped.top' as PDB File
	Reading bond info from CONECT records.
	Not reading bond info from LINK records.
	Determining bond info from distances.
Warning: Determining bond length parameters from element types for 'structure.stripped.top'.
INPUT: Reading input from 'STDIN'
  [trajin /mnt/Web/CGN67d9bfc0515cd/TRAJ_CG/ANALYSIS/NAFlex/INFO/structure.stripped.trj 1 1 1]
	Reading '/mnt/Web/CGN67d9bfc0515cd/TRAJ_CG/ANALYSIS/NAFlex/INFO/structure.stripped.trj' as Amber Trajectory
Warning: structure.stripped.trj: Could not accurately predict # frames. This usually
Warning:  indicates a corrupted trajectory or trajectory/topology
Warning:  mismatch. Will attempt to read 3 frames.
  [trajout /mnt/Web/CGN67d9bfc0515cd/TRAJ_CG/ANALYSIS/NAFlex/INFO/structure.stripped.pdb]
	Writing '/mnt/Web/CGN67d9bfc0515cd/TRAJ_CG/ANALYSIS/NAFlex/INFO/structure.stripped.pdb' as PDB
---------- RUN BEGIN -------------------------------------------------

PARAMETER FILES (1 total):
 0: structure.stripped.top, 3027 atoms, 452 res, box: None, 184 mol

INPUT TRAJECTORIES (1 total):
 0: 'structure.stripped.trj' is an AMBER trajectory, Parm structure.stripped.top (reading 1 of 3)
  Coordinate processing will occur on 1 frames.

OUTPUT TRAJECTORIES (1 total):
  'structure.stripped.pdb' (1 frames) is a PDB file

BEGIN TRAJECTORY PROCESSING:
.....................................................
ACTIVE OUTPUT TRAJECTORIES (1):
  /mnt/Web/CGN67d9bfc0515cd/TRAJ_CG/ANALYSIS/NAFlex/INFO/structure.stripped.pdb (coordinates)
----- structure.stripped.trj (1-1, 1) -----
100% Complete.

Read 1 frames and processed 1 frames.
TIME: Avg. throughput= 5.7047 frames / second.

ACTION OUTPUT:
TIME: Analyses took 0.0000 seconds.

RUN TIMING:
TIME:		Init               : 0.0006 s (  0.35%)
TIME:		Trajectory Process : 0.1753 s ( 97.97%)
TIME:		Action Post        : 0.0000 s (  0.01%)
TIME:		Analysis           : 0.0000 s (  0.01%)
TIME:		Data File Write    : 0.0001 s (  0.05%)
TIME:		Other              : 0.0029 s (  0.02%)
TIME:	Run Total 0.1789 s
---------- RUN END ---------------------------------------------------
TIME: Total execution time: 0.4527 seconds.
--------------------------------------------------------------------------------
To cite CPPTRAJ use:
Daniel R. Roe and Thomas E. Cheatham, III, "PTRAJ and CPPTRAJ: Software for
  Processing and Analysis of Molecular Dynamics Trajectory Data". J. Chem.
  Theory Comput., 2013, 9 (7), pp 3084-3095.

