
CPPTRAJ: Trajectory Analysis. V6.24.0 (AmberTools)
    ___  ___  ___  ___
     | \/ | \/ | \/ | 
    _|_/\_|_/\_|_/\_|_

| Date/time: 03/18/25 18:49:23
| Available memory: 743.870 MB

	Reading '/mnt/Web/CGN67d9bfc0515cd/TRAJ_CG/output_schnarp/display/traj.pdb' as PDB File
	Reading bond info from CONECT records.
	Not reading bond info from LINK records.
	Determining bond info from distances.
Warning: Determining bond length parameters from element types for 'traj.pdb'.
INPUT: Reading input from 'STDIN'
  [trajin /mnt/Web/CGN67d9bfc0515cd/TRAJ_CG/output_schnarp/display/traj.dcd]
	Reading '/mnt/Web/CGN67d9bfc0515cd/TRAJ_CG/output_schnarp/display/traj.dcd' as Charmm DCD
  [strip :WAT]
    STRIP: Stripping atoms in mask [:WAT]
  [strip :Cl-]
    STRIP: Stripping atoms in mask [:Cl-]
  [strip :Cl]
    STRIP: Stripping atoms in mask [:Cl]
  [strip :Na+]
    STRIP: Stripping atoms in mask [:Na+]
  [strip :K+]
    STRIP: Stripping atoms in mask [:K+]
  [strip :Mn++]
    STRIP: Stripping atoms in mask [:Mn++]
  [strip :MNG]
    STRIP: Stripping atoms in mask [:MNG]
  [strip :FED]
    STRIP: Stripping atoms in mask [:FED]
  [strip :ALA,ARG,ASP,GLU,PHE,TYR,TRP,LYS,GLY,HIS,HIE,HID,HIP,CYS,CYX,SER,PRO,THR,MET,LEU,ILE,ASN,GLN,VAL]
    STRIP: Stripping atoms in mask [:ALA,ARG,ASP,GLU,PHE,TYR,TRP,LYS,GLY,HIS,HIE,HID,HIP,CYS,CYX,SER,PRO,THR,MET,LEU,ILE,ASN,GLN,VAL]
  [strip @H*]
    STRIP: Stripping atoms in mask [@H*]
  [autoimage]
    AUTOIMAGE: To box center based on center of mass, anchor is first molecule.
  [trajout /mnt/Web/CGN67d9bfc0515cd/TRAJ_CG/ANALYSIS/NAFlex/INFO/structure.stripped.noH.trj]
Warning: Format not specified and extension '.trj' not recognized. Defaulting to Amber Trajectory.
	Writing '/mnt/Web/CGN67d9bfc0515cd/TRAJ_CG/ANALYSIS/NAFlex/INFO/structure.stripped.noH.trj' as Amber Trajectory
---------- RUN BEGIN -------------------------------------------------

PARAMETER FILES (1 total):
 0: traj.pdb, 3027 atoms, 452 res, box: None, 184 mol

INPUT TRAJECTORIES (1 total):
 0: 'traj.dcd' is a CHARMM DCD file (coords) Little Endian 32 bit, Parm traj.pdb (reading 51 of 51)
  Coordinate processing will occur on 51 frames.

OUTPUT TRAJECTORIES (1 total):
  'structure.stripped.noH.trj' (51 frames) is an AMBER trajectory

BEGIN TRAJECTORY PROCESSING:
.....................................................
ACTION SETUP FOR PARM 'traj.pdb' (11 actions):
  0: [strip :WAT]
	Stripping 0 atoms.
Warning: No atoms to strip. Skipping.
Warning: Setup incomplete for [strip]: Skipping
  1: [strip :Cl-]
	Stripping 0 atoms.
Warning: No atoms to strip. Skipping.
Warning: Setup incomplete for [strip]: Skipping
  2: [strip :Cl]
	Stripping 0 atoms.
Warning: No atoms to strip. Skipping.
Warning: Setup incomplete for [strip]: Skipping
  3: [strip :Na+]
	Stripping 0 atoms.
Warning: No atoms to strip. Skipping.
Warning: Setup incomplete for [strip]: Skipping
  4: [strip :K+]
	Stripping 0 atoms.
Warning: No atoms to strip. Skipping.
Warning: Setup incomplete for [strip]: Skipping
  5: [strip :Mn++]
	Stripping 0 atoms.
Warning: No atoms to strip. Skipping.
Warning: Setup incomplete for [strip]: Skipping
  6: [strip :MNG]
	Stripping 0 atoms.
Warning: No atoms to strip. Skipping.
Warning: Setup incomplete for [strip]: Skipping
  7: [strip :FED]
	Stripping 0 atoms.
Warning: No atoms to strip. Skipping.
Warning: Setup incomplete for [strip]: Skipping
  8: [strip :ALA,ARG,ASP,GLU,PHE,TYR,TRP,LYS,GLY,HIS,HIE,HID,HIP,CYS,CYX,SER,PRO,THR,MET,LEU,ILE,ASN,GLN,VAL]
	Stripping 2847 atoms.
	Stripped topology: 180 atoms, 180 res, box: None, 180 mol
  9: [strip @H*]
	Stripping 0 atoms.
Warning: No atoms to strip. Skipping.
Warning: Setup incomplete for [strip]: Skipping
  10: [autoimage]
Warning: Topology traj.pdb does not contain box information.
Warning: Setup incomplete for [autoimage]: Skipping
.....................................................
ACTIVE OUTPUT TRAJECTORIES (1):
  /mnt/Web/CGN67d9bfc0515cd/TRAJ_CG/ANALYSIS/NAFlex/INFO/structure.stripped.noH.trj (coordinates, time)
----- traj.dcd (1-51, 1) -----
 0% 10% 20% 30% 40% 50% 60% 70% 80% 90% 100% Complete.

Read 51 frames and processed 51 frames.
TIME: Avg. throughput= 208.1293 frames / second.

ACTION OUTPUT:
TIME: Analyses took 0.0000 seconds.

RUN TIMING:
TIME:		Init               : 0.0009 s (  0.36%)
TIME:		Trajectory Process : 0.2450 s ( 97.63%)
TIME:		Action Post        : 0.0000 s (  0.02%)
TIME:		Analysis           : 0.0000 s (  0.01%)
TIME:		Data File Write    : 0.0001 s (  0.04%)
TIME:		Other              : 0.0049 s (  0.02%)
TIME:	Run Total 0.2510 s
---------- RUN END ---------------------------------------------------
TIME: Total execution time: 0.5038 seconds.
--------------------------------------------------------------------------------
To cite CPPTRAJ use:
Daniel R. Roe and Thomas E. Cheatham, III, "PTRAJ and CPPTRAJ: Software for
  Processing and Analysis of Molecular Dynamics Trajectory Data". J. Chem.
  Theory Comput., 2013, 9 (7), pp 3084-3095.

