
CPPTRAJ: Trajectory Analysis. V6.24.0 (AmberTools)
    ___  ___  ___  ___
     | \/ | \/ | \/ | 
    _|_/\_|_/\_|_/\_|_

| Date/time: 03/17/25 19:16:47
| Available memory: 1.874 GB

	Reading '/mnt/Web/CGN67d87509b8772/TRAJ_AA/output_pdb/structure_000000_CG.pdb' as PDB File
	Reading bond info from CONECT records.
	Not reading bond info from LINK records.
	Determining bond info from distances.
Warning: Determining bond length parameters from element types for 'structure_000000_CG.pdb'.
INPUT: Reading input from 'STDIN'
  [trajin /mnt/Web/CGN67d87509b8772/TRAJ_AA/output_schnarp/cgenarate_traj.mdcrd]
	Reading '/mnt/Web/CGN67d87509b8772/TRAJ_AA/output_schnarp/cgenarate_traj.mdcrd' as Amber Trajectory
  [reference /mnt/Web/CGN67d87509b8772/TRAJ_AA/output_schnarp/str.pdb]
	Reading '/mnt/Web/CGN67d87509b8772/TRAJ_AA/output_schnarp/str.pdb' as PDB
Warning: PDB str.pdb: Reading frame 21, got 88 atoms, expected 188.
Warning: Only using frames 1-20
Warning: In PDB file str.pdb: 178 name mismatches with parm structure_000000_CG.pdb.
Warning: Reference has 20 frames, only reading frame 1
	Setting active reference for distance-based masks: 'str.pdb'
  [rms reference :1-188]
    RMSD: (:1-188), reference is "str.pdb:1" (:1-188).
	Best-fit RMSD will be calculated, coords will be rotated and translated.
  [trajout cgenarate_traj.fitted.mdcrd]
Warning: Format not specified and extension '.mdcrd' not recognized. Defaulting to Amber Trajectory.
	Writing 'cgenarate_traj.fitted.mdcrd' as Amber Trajectory
  [go]
---------- RUN BEGIN -------------------------------------------------

PARAMETER FILES (1 total):
 0: structure_000000_CG.pdb, 188 atoms, 188 res, box: None, 188 mol

INPUT TRAJECTORIES (1 total):
 0: 'cgenarate_traj.mdcrd' is an AMBER trajectory, Parm structure_000000_CG.pdb (reading 11 of 11)
  Coordinate processing will occur on 11 frames.

REFERENCE FRAMES (1 total):
    0: str.pdb:1
	Active reference frame for distance-based masks is 'str.pdb:1'

OUTPUT TRAJECTORIES (1 total):
  'cgenarate_traj.fitted.mdcrd' (11 frames) is an AMBER trajectory

BEGIN TRAJECTORY PROCESSING:
.....................................................
ACTION SETUP FOR PARM 'structure_000000_CG.pdb' (1 actions):
  0: [rms reference :1-188]
	Target mask: [:1-188](188)
	Reference topology: structure_000000_CG.pdb
	Reference mask: [:1-188](188)
.....................................................
ACTIVE OUTPUT TRAJECTORIES (1):
  cgenarate_traj.fitted.mdcrd (coordinates)
----- cgenarate_traj.mdcrd (1-11, 1) -----
 0% 10% 20% 30% 40% 50% 60% 70% 80% 90% 100% Complete.

Read 11 frames and processed 11 frames.
TIME: Avg. throughput= 1563.8328 frames / second.

ACTION OUTPUT:
TIME: Analyses took 0.0000 seconds.

DATASETS (1 total):
	RMSD_00002 "RMSD_00002" (double, rms), size is 11 (0.088 kB)
    Total data set memory usage is at least 0.088 kB

RUN TIMING:
TIME:		Init               : 0.0000 s (  0.30%)
TIME:		Trajectory Process : 0.0070 s ( 90.60%)
TIME:		Action Post        : 0.0000 s (  0.01%)
TIME:		Analysis           : 0.0000 s (  0.01%)
TIME:		Data File Write    : 0.0000 s (  0.23%)
TIME:		Other              : 0.0007 s (  0.09%)
TIME:	Run Total 0.0078 s
---------- RUN END ---------------------------------------------------
  [quit]
TIME: Total execution time: 0.0986 seconds.
--------------------------------------------------------------------------------
To cite CPPTRAJ use:
Daniel R. Roe and Thomas E. Cheatham, III, "PTRAJ and CPPTRAJ: Software for
  Processing and Analysis of Molecular Dynamics Trajectory Data". J. Chem.
  Theory Comput., 2013, 9 (7), pp 3084-3095.

