#Running: /big/biosym/980/irix6m4/biosym_exe/insightII
#Log Created: Fri Feb 18 11:12:42 2000
#
#Insight II Version 98.0 - Molecular Modeling System
m:Get Molecule PDB User o704_1.pdb O704_1 Heteroatom -Reference_Object
m:Define Subset BLK Create Static Monomer/Residue O704_1 Monomer/Residue Sequence_number -Negate_Range 164 Color_Subset 0,255,0
m:Zone Subset BLK BLK Static Atom 9 Color_Subset 0,255,0
r:Zone Subset BLK_zone BLK Static Atom 9 Color_Subset 0,255,0 
m:Display Molecule Only Atoms Specified BLK_ZONE
m:Define Subset BLK_CONTACT Create Static Atom BLK_ZONE Monomer/Residue Sequence_number -Negate_Range "77, 79, 82, 87, 161, 162, 163, 164, 189" Color_Subset 127,0,255
m:DepthCue Object BLK_ZONE -DepthCueing
m:Color Molecule Atoms BLK_CONT Specified Specification 255,0,0
c:Selection Subset 1447 Sel_End
c:Selection Subset 1446-1447 Sel_End
c:Selection Subset 1451 Sel_End
c:Selection Subset 1433-1453 Sel_End
m:Color Molecule Atoms ATOM_SELECTION Specified Specification 255,0,0
c:Selection Subset "" Sel_End
c:Selection Subset 541-542,544-548,550-551,556-557,559-568,636-641,643-644,647-648,650-661,663-665,667-669,671-678,680-682,685-690,692-702,704,707,712,734-744,753,755-757,1384-1386,1388-1389,1391-1396,1398-1404,1406-1413,1415-1422,1424-1431,1433-1453,1455-1462,1464-1475,1477,1481,1495-1497,1635-1636,1638-1642,1644-1650,1652-1655,1657-1665,1667-1668,1670-1674,1676-1677,1679-1684,1686-1687,1865-1867,1874-1875,1877-1886,1888-1889,1893-1894,1896-1903,3356,3358-3360,3375-3380,3460
c:Selection Subset 3461,3464,3468-3469,3480-3483,3693,3695,3697 Sel_End
m:as_Stick
c:Selection Subset "" Sel_End
m:as_Lines
c:Selection Subset 541-542,544-548,550-551,556-557,559-568,636-641,643-644,647-648,650-661,663-665,667-669,671-678,680-682,685-689,692-697,699-702,704,707,712,734-744,753,755-757,1384-1386,1388-1389,1391-1396,1398-1404,1406-1413,1415-1422,1424-1431,1433-1453,1455-1462,1464-1475,1477,1481,1495-1497,1635-1636,1638-1642,1644-1650,1652-1655,1657-1665,1667-1668,1670-1674,1676-1677,1679-1684,1686-1687,1865-1867,1874-1875,1877-1886,1888-1889,1893-1894,1896-1903,3356,3358-3360,3375-3380
c:Selection Subset 3460-3461,3464,3468-3469,3480-3483,3693,3695,3697 Sel_End
m:as_Lines
c:Selection Subset "" Sel_End
c:Selection Subset 541-542,544-548,550-551,556-557,559-568,636-641,643-644,647-648,650-661,663-665,667-669,671-678,680-682,685,688,692-695,697,699-702,704,707,712,734-744,753,755-757,1384-1386,1388-1389,1391-1396,1398-1404,1406-1413,1415-1422,1424-1431,1433-1453,1455-1462,1464-1475,1477,1481,1495-1497,1635-1636,1639-1641,1644-1650,1652-1655,1657-1665,1667-1668,1670-1674,1676-1677,1679-1684,1686-1687,1865-1867,1874-1875,1877-1886,1888-1889,1893-1894,1896-1903,3356,3358-3360,3375
c:Selection Subset 3376-3380,3460-3461,3464,3468-3469,3480-3483,3693,3695,3697 Sel_End
c:Selection Subset "" Sel_End
c:Selection Subset 541-542,544-548,550-551,556-557,559-568,636-641,643-644,647-648,650-661,663-665,667-669,671-678,680-682,685-690,692-702,704,707,712,734-744,753,755-757,1384-1386,1388-1389,1391-1396,1398-1404,1406-1413,1415-1422,1424-1431,1433-1453,1455-1462,1464-1475,1477,1481,1495-1497,1635-1636,1638-1642,1644-1650,1652-1655,1657-1665,1667-1668,1670-1674,1676-1677,1679-1684,1686-1687,1865-1867,1874-1875,1877-1886,1888-1889,1893-1894,1896-1903,3356,3358-3360,3375-3380,3460
c:Selection Subset 3461,3464,3468-3469,3480-3483,3693,3695,3697 Sel_End
m:Color Molecule Atoms ATOM_SELECTION Specified By_Atom
c:Selection Subset "" Sel_End
