
CPPTRAJ: Trajectory Analysis. V6.24.0 (AmberTools)
    ___  ___  ___  ___
     | \/ | \/ | \/ | 
    _|_/\_|_/\_|_/\_|_

| Date/time: 03/18/25 18:44:38
| Available memory: 813.158 MB

	Reading '/mnt/Web/CGN67d9bc14bc723/TRAJ_AA/output_schnarp/display/traj.pdb' as PDB File
	Reading bond info from CONECT records.
	Not reading bond info from LINK records.
	Determining bond info from distances.
Warning: Determining bond length parameters from element types for 'traj.pdb'.
Warning: 4 molecules have non-contiguous segments of atoms.
	      37        2 segments: 1950-1950 (1)  1952-1954 (3) 
	      66        2 segments: 3005-3047 (43)  3049-3049 (1) 
	      75        2 segments: 3511-3554 (44)  3556-3556 (1) 
	      81        2 segments: 3752-3771 (20)  3773-3790 (18) 
Warning: The 'fixatomorder' command can be used to reorder the topology and any
Warning:  associated coordinates.
INPUT: Reading input from 'STDIN'
  [trajin /mnt/Web/CGN67d9bc14bc723/TRAJ_AA/output_schnarp/display/traj.dcd]
	Reading '/mnt/Web/CGN67d9bc14bc723/TRAJ_AA/output_schnarp/display/traj.dcd' as Charmm DCD
  [analyze statistics all]
Warning: The 'analyze' prefix is no longer necessary and may be soon deprecated.
Warning: To add an analysis command the the queue, only the command name needs
Warning: to be specified, e.g. 'statistics <args>'.
TIME: Total execution time: 0.2397 seconds.

