--2025-03-17 18:52:15--  https://www.ebi.ac.uk/pdbe/entry-files/download/pdb1vfc.ent
Resolving www.ebi.ac.uk (www.ebi.ac.uk)... 193.62.193.80
Connecting to www.ebi.ac.uk (www.ebi.ac.uk)|193.62.193.80|:443... connected.
HTTP request sent, awaiting response... 200 OK
Length: 2956824 (2.8M) [text/plain]
Saving to: ‘pdb1vfc.ent’

     0K .......... .......... .......... .......... ..........  1%  992K 3s
    50K .......... .......... .......... .......... ..........  3% 1.43M 2s
   100K .......... .......... .......... .......... ..........  5% 2.83M 2s
   150K .......... .......... .......... .......... ..........  6% 2.87M 2s
   200K .......... .......... .......... .......... ..........  8% 4.47M 1s
   250K .......... .......... .......... .......... .......... 10% 5.85M 1s
   300K .......... .......... .......... .......... .......... 12% 7.09M 1s
   350K .......... .......... .......... .......... .......... 13% 6.79M 1s
   400K .......... .......... .......... .......... .......... 15% 9.04M 1s
   450K .......... .......... .......... .......... .......... 17% 9.29M 1s
   500K .......... .......... .......... .......... .......... 19% 10.6M 1s
   550K .......... .......... .......... .......... .......... 20% 12.1M 1s
   600K .......... .......... .......... .......... .......... 22% 9.18M 1s
   650K .......... .......... .......... .......... .......... 24% 11.0M 1s
   700K .......... .......... .......... .......... .......... 25% 22.6M 1s
   750K .......... .......... .......... .......... .......... 27% 10.1M 0s
   800K .......... .......... .......... .......... .......... 29% 35.0M 0s
   850K .......... .......... .......... .......... .......... 31% 18.8M 0s
   900K .......... .......... .......... .......... .......... 32% 18.8M 0s
   950K .......... .......... .......... .......... .......... 34% 14.8M 0s
  1000K .......... .......... .......... .......... .......... 36% 17.5M 0s
  1050K .......... .......... .......... .......... .......... 38% 17.2M 0s
  1100K .......... .......... .......... .......... .......... 39% 35.0M 0s
  1150K .......... .......... .......... .......... .......... 41% 26.1M 0s
  1200K .......... .......... .......... .......... .......... 43% 24.4M 0s
  1250K .......... .......... .......... .......... .......... 45% 30.0M 0s
  1300K .......... .......... .......... .......... .......... 46% 20.4M 0s
  1350K .......... .......... .......... .......... .......... 48% 11.0M 0s
  1400K .......... .......... .......... .......... .......... 50% 33.8M 0s
  1450K .......... .......... .......... .......... .......... 51% 27.3M 0s
  1500K .......... .......... .......... .......... .......... 53% 31.7M 0s
  1550K .......... .......... .......... .......... .......... 55% 30.5M 0s
  1600K .......... .......... .......... .......... .......... 57% 25.4M 0s
  1650K .......... .......... .......... .......... .......... 58% 92.1M 0s
  1700K .......... .......... .......... .......... .......... 60% 28.1M 0s
  1750K .......... .......... .......... .......... .......... 62% 54.5M 0s
  1800K .......... .......... .......... .......... .......... 64% 24.7M 0s
  1850K .......... .......... .......... .......... .......... 65% 32.6M 0s
  1900K .......... .......... .......... .......... .......... 67% 36.1M 0s
  1950K .......... .......... .......... .......... .......... 69% 42.3M 0s
  2000K .......... .......... .......... .......... .......... 70% 51.5M 0s
  2050K .......... .......... .......... .......... .......... 72% 17.6M 0s
  2100K .......... .......... .......... .......... .......... 74% 80.0M 0s
  2150K .......... .......... .......... .......... .......... 76%  122M 0s
  2200K .......... .......... .......... .......... .......... 77% 87.3M 0s
  2250K .......... .......... .......... .......... .......... 79% 36.9M 0s
  2300K .......... .......... .......... .......... .......... 81% 36.5M 0s
  2350K .......... .......... .......... .......... .......... 83% 53.4M 0s
  2400K .......... .......... .......... .......... .......... 84% 49.2M 0s
  2450K .......... .......... .......... .......... .......... 86% 76.3M 0s
  2500K .......... .......... .......... .......... .......... 88% 42.1M 0s
  2550K .......... .......... .......... .......... .......... 90% 35.9M 0s
  2600K .......... .......... .......... .......... .......... 91% 80.8M 0s
  2650K .......... .......... .......... .......... .......... 93% 31.4M 0s
  2700K .......... .......... .......... .......... .......... 95% 16.7M 0s
  2750K .......... .......... .......... .......... .......... 96%  101M 0s
  2800K .......... .......... .......... .......... .......... 98% 63.2M 0s
  2850K .......... .......... .......... .......              100%  121M=0.3s

2025-03-17 18:52:16 (11.1 MB/s) - ‘pdb1vfc.ent’ saved [2956824/2956824]

--2025-03-17 18:52:16--  https://www.ebi.ac.uk/pdbe/entry-files/download/pdb1wtr.ent
Resolving www.ebi.ac.uk (www.ebi.ac.uk)... 193.62.193.80
Connecting to www.ebi.ac.uk (www.ebi.ac.uk)|193.62.193.80|:443... connected.
HTTP request sent, awaiting response... 200 OK
Length: 109188 (107K) [text/plain]
Saving to: ‘pdb1wtr.ent’

     0K .......... .......... .......... .......... .......... 46% 1.11M 0s
    50K .......... .......... .......... .......... .......... 93% 2.15M 0s
   100K ......                                                100% 79.3M=0.07s

2025-03-17 18:52:16 (1.56 MB/s) - ‘pdb1wtr.ent’ saved [109188/109188]

--2025-03-17 18:52:16--  https://www.ebi.ac.uk/pdbe/entry-files/download/pdb3zhm.ent
Resolving www.ebi.ac.uk (www.ebi.ac.uk)... 193.62.193.80
Connecting to www.ebi.ac.uk (www.ebi.ac.uk)|193.62.193.80|:443... connected.
HTTP request sent, awaiting response... 200 OK
Length: 112509 (110K) [text/plain]
Saving to: ‘pdb3zhm.ent’

     0K .......... .......... .......... .......... .......... 45%  811K 0s
    50K .......... .......... .......... .......... .......... 91% 1.48M 0s
   100K .........                                             100% 5.96M=0.1s

2025-03-17 18:52:17 (1.12 MB/s) - ‘pdb3zhm.ent’ saved [112509/112509]

--2025-03-17 18:52:17--  https://www.ebi.ac.uk/pdbe/entry-files/download/pdb1bnz.ent
Resolving www.ebi.ac.uk (www.ebi.ac.uk)... 193.62.193.80
Connecting to www.ebi.ac.uk (www.ebi.ac.uk)|193.62.193.80|:443... connected.
HTTP request sent, awaiting response... 200 OK
Length: 112266 (110K) [text/plain]
Saving to: ‘pdb1bnz.ent’

     0K .......... .......... .......... .......... .......... 45%  745K 0s
    50K .......... .......... .......... .......... .......... 91% 1.43M 0s
   100K .........                                             100%  122M=0.1s

2025-03-17 18:52:17 (1.06 MB/s) - ‘pdb1bnz.ent’ saved [112266/112266]

SETTINGS:
loadrestart = 0
PrinttVectors = 0
PlotPrint = 1
Linear = 1
T0 = 298.000000
dt0 = 0.100000
N = 180
nframes = 50
step = 200
restore.mode = 0
simulation.N = 180
simulation.T0 = 298.000000
simulation.dt0 = 0.100000
simulation.frames = 50
simulation.steps = 200
simulation.linear = 1
simulation.seed = 1234
NucNum2: 4
Sigma 1: 44.506651
Sigma 2: 35.763729
Sigma 3: 31.174693
Sigma 4: 31.170662
Seeding 1 threads
/opt/conda/envs/glimps_env/lib/python3.12/site-packages/sklearn/base.py:380: InconsistentVersionWarning: Trying to unpickle estimator LinearRegression from version 0.24.2 when using version 1.6.1. This might lead to breaking code or invalid results. Use at your own risk. For more info please refer to:
https://scikit-learn.org/stable/model_persistence.html#security-maintainability-limitations
  warnings.warn(
/opt/conda/envs/glimps_env/lib/python3.12/site-packages/mdtraj/formats/pdb/pdbfile.py:208: UserWarning: Unlikely unit cell vectors detected in PDB file likely resulting from a dummy CRYST1 record. Discarding unit cell vectors.
  warnings.warn(
Error: File 'input/traj.mdcrd': No such file or directory
Error: Setting up output trajectory 'input/traj.mdcrd'
cp: cannot stat '/app/Scripts/PersistenceLength/getPL.sh': No such file or directory
cp: cannot stat '/app/Scripts/PersistenceLength/fullSerraNA.sh': No such file or directory
cp: cannot stat '/app/Scripts/PersistenceLength/PL_Agnes': No such file or directory
Can't open perl script "getPL.sh": No such file or directory
