
CPPTRAJ: Trajectory Analysis. V6.24.0 (AmberTools)
    ___  ___  ___  ___
     | \/ | \/ | \/ | 
    _|_/\_|_/\_|_/\_|_

| Date/time: 03/18/25 18:53:21
| Available memory: 566.985 MB

	Reading '/mnt/Web/CGN67d9bfc8b3ad4/TRAJ_AA/output_schnarp/Proteinspredicted.pdb' as PDB File
	Reading bond info from CONECT records.
	Not reading bond info from LINK records.
	Determining bond info from distances.
Warning: Determining bond length parameters from element types for 'Proteinspredicted.pdb'.
Warning: 3 molecules have non-contiguous segments of atoms.
	      12        2 segments: 615-615 (1)  629-732 (104) 
	      28        2 segments: 1637-1637 (1)  1648-1649 (2) 
	      33        2 segments: 2017-2028 (12)  2031-2242 (212) 
Warning: The 'fixatomorder' command can be used to reorder the topology and any
Warning:  associated coordinates.
	Reading '/mnt/Web/CGN67d9bfc8b3ad4/TRAJ_AA/output_schnarp/Proteinspredicted.mdcrd' as Amber Trajectory
	Writing '/mnt/Web/CGN67d9bfc8b3ad4/TRAJ_AA/output_schnarp/display/traj.dcd' as Charmm DCD
---------- RUN BEGIN -------------------------------------------------

PARAMETER FILES (1 total):
 0: Proteinspredicted.pdb, 6531 atoms, 452 res, box: None, 45 mol

INPUT TRAJECTORIES (1 total):
 0: 'Proteinspredicted.mdcrd' is an AMBER trajectory, Parm Proteinspredicted.pdb (reading 51 of 51)
  Coordinate processing will occur on 51 frames.

OUTPUT TRAJECTORIES (1 total):
  'traj.dcd' (51 frames) is a CHARMM DCD file (coords) Little Endian 32 bit

BEGIN TRAJECTORY PROCESSING:
.....................................................
ACTIVE OUTPUT TRAJECTORIES (1):
  /mnt/Web/CGN67d9bfc8b3ad4/TRAJ_AA/output_schnarp/display/traj.dcd (coordinates)
----- Proteinspredicted.mdcrd (1-51, 1) -----
 0% 10% 20% 30% 40% 50% 60% 70% 80% 90% 100% Complete.

Read 51 frames and processed 51 frames.
TIME: Avg. throughput= 30.0170 frames / second.

ACTION OUTPUT:
TIME: Analyses took 0.0000 seconds.

RUN TIMING:
TIME:		Init               : 0.0030 s (  0.18%)
TIME:		Trajectory Process : 1.6990 s ( 99.51%)
TIME:		Action Post        : 0.0000 s (  0.00%)
TIME:		Analysis           : 0.0000 s (  0.00%)
TIME:		Data File Write    : 0.0001 s (  0.01%)
TIME:		Other              : 0.0051 s (  0.00%)
TIME:	Run Total 1.7073 s
---------- RUN END ---------------------------------------------------
TIME: Total execution time: 1.9895 seconds.
--------------------------------------------------------------------------------
To cite CPPTRAJ use:
Daniel R. Roe and Thomas E. Cheatham, III, "PTRAJ and CPPTRAJ: Software for
  Processing and Analysis of Molecular Dynamics Trajectory Data". J. Chem.
  Theory Comput., 2013, 9 (7), pp 3084-3095.

