WARNING: The requested image's platform (linux/amd64) does not match the detected host platform (linux/arm64/v8) and no specific platform was requested
--2025-03-18 18:50:40--  https://www.ebi.ac.uk/pdbe/entry-files/download/pdb1vfc.ent
Resolving www.ebi.ac.uk (www.ebi.ac.uk)... 193.62.193.80
Connecting to www.ebi.ac.uk (www.ebi.ac.uk)|193.62.193.80|:443... connected.
HTTP request sent, awaiting response... 200 OK
Length: 2956824 (2.8M) [text/plain]
Saving to: ‘pdb1vfc.ent’

     0K .......... .......... .......... .......... ..........  1% 1.11M 3s
    50K .......... .......... .......... .......... ..........  3% 1.48M 2s
   100K .......... .......... .......... .......... ..........  5%  859K 2s
   150K .......... .......... .......... .......... ..........  6% 1.69M 2s
   200K .......... .......... .......... .......... ..........  8% 1.69M 2s
   250K .......... .......... .......... .......... .......... 10% 1.43M 2s
   300K .......... .......... .......... .......... .......... 12% 1.72M 2s
   350K .......... .......... .......... .......... .......... 13% 1.40M 2s
   400K .......... .......... .......... .......... .......... 15% 1.53M 2s
   450K .......... .......... .......... .......... .......... 17% 1.40M 2s
   500K .......... .......... .......... .......... .......... 19% 1.39M 2s
   550K .......... .......... .......... .......... .......... 20% 1.61M 2s
   600K .......... .......... .......... .......... .......... 22% 1.73M 2s
   650K .......... .......... .......... .......... .......... 24% 2.06M 1s
   700K .......... .......... .......... .......... .......... 25% 1.24M 1s
   750K .......... .......... .......... .......... .......... 27% 1.57M 1s
   800K .......... .......... .......... .......... .......... 29% 1.64M 1s
   850K .......... .......... .......... .......... .......... 31% 1.58M 1s
   900K .......... .......... .......... .......... .......... 32% 1.42M 1s
   950K .......... .......... .......... .......... .......... 34% 1.85M 1s
  1000K .......... .......... .......... .......... .......... 36% 1.71M 1s
  1050K .......... .......... .......... .......... .......... 38% 1.49M 1s
  1100K .......... .......... .......... .......... .......... 39% 1.61M 1s
  1150K .......... .......... .......... .......... .......... 41% 1.56M 1s
  1200K .......... .......... .......... .......... .......... 43% 1.66M 1s
  1250K .......... .......... .......... .......... .......... 45% 1.80M 1s
  1300K .......... .......... .......... .......... .......... 46% 1.44M 1s
  1350K .......... .......... .......... .......... .......... 48% 1.45M 1s
  1400K .......... .......... .......... .......... .......... 50% 1.88M 1s
  1450K .......... .......... .......... .......... .......... 51% 1.23M 1s
  1500K .......... .......... .......... .......... .......... 53%  931K 1s
  1550K .......... .......... .......... .......... .......... 55% 1.18M 1s
  1600K .......... .......... .......... .......... .......... 57% 1.06M 1s
  1650K .......... .......... .......... .......... .......... 58% 1.07M 1s
  1700K .......... .......... .......... .......... .......... 60% 1.60M 1s
  1750K .......... .......... .......... .......... .......... 62% 1.38M 1s
  1800K .......... .......... .......... .......... .......... 64% 1.87M 1s
  1850K .......... .......... .......... .......... .......... 65% 1.22M 1s
  1900K .......... .......... .......... .......... .......... 67% 1.87M 1s
  1950K .......... .......... .......... .......... .......... 69% 1.26M 1s
  2000K .......... .......... .......... .......... .......... 70% 1.43M 1s
  2050K .......... .......... .......... .......... .......... 72% 1.36M 1s
  2100K .......... .......... .......... .......... .......... 74% 1.49M 1s
  2150K .......... .......... .......... .......... .......... 76% 1.25M 0s
  2200K .......... .......... .......... .......... .......... 77% 1.16M 0s
  2250K .......... .......... .......... .......... .......... 79% 1.43M 0s
  2300K .......... .......... .......... .......... .......... 81% 1.48M 0s
  2350K .......... .......... .......... .......... .......... 83% 1.22M 0s
  2400K .......... .......... .......... .......... .......... 84% 1.70M 0s
  2450K .......... .......... .......... .......... .......... 86% 1.18M 0s
  2500K .......... .......... .......... .......... .......... 88% 1.44M 0s
  2550K .......... .......... .......... .......... .......... 90% 1.17M 0s
  2600K .......... .......... .......... .......... .......... 91% 1.53M 0s
  2650K .......... .......... .......... .......... .......... 93% 1.72M 0s
  2700K .......... .......... .......... .......... .......... 95% 1.14M 0s
  2750K .......... .......... .......... .......... .......... 96% 1.55M 0s
  2800K .......... .......... .......... .......... .......... 98% 1.49M 0s
  2850K .......... .......... .......... .......              100% 1.40M=2.0s

2025-03-18 18:50:43 (1.41 MB/s) - ‘pdb1vfc.ent’ saved [2956824/2956824]

--2025-03-18 18:50:44--  https://www.ebi.ac.uk/pdbe/entry-files/download/pdb1wtr.ent
Resolving www.ebi.ac.uk (www.ebi.ac.uk)... 193.62.193.80
Connecting to www.ebi.ac.uk (www.ebi.ac.uk)|193.62.193.80|:443... connected.
HTTP request sent, awaiting response... 200 OK
Length: 109188 (107K) [text/plain]
Saving to: ‘pdb1wtr.ent’

     0K .......... .......... .......... .......... .......... 46%  855K 0s
    50K .......... .......... .......... .......... .......... 93% 1.31M 0s
   100K ......                                                100% 12.9M=0.1s

2025-03-18 18:50:44 (1.09 MB/s) - ‘pdb1wtr.ent’ saved [109188/109188]

--2025-03-18 18:50:44--  https://www.ebi.ac.uk/pdbe/entry-files/download/pdb3zhm.ent
Resolving www.ebi.ac.uk (www.ebi.ac.uk)... 193.62.193.80
Connecting to www.ebi.ac.uk (www.ebi.ac.uk)|193.62.193.80|:443... connected.
HTTP request sent, awaiting response... 200 OK
Length: 112509 (110K) [text/plain]
Saving to: ‘pdb3zhm.ent’

     0K .......... .......... .......... .......... .......... 45% 1.08M 0s
    50K .......... .......... .......... .......... .......... 91%  745K 0s
   100K .........                                             100% 1.26M=0.1s

2025-03-18 18:50:45 (915 KB/s) - ‘pdb3zhm.ent’ saved [112509/112509]

--2025-03-18 18:50:45--  https://www.ebi.ac.uk/pdbe/entry-files/download/pdb1bnz.ent
Resolving www.ebi.ac.uk (www.ebi.ac.uk)... 193.62.193.80
Connecting to www.ebi.ac.uk (www.ebi.ac.uk)|193.62.193.80|:443... connected.
HTTP request sent, awaiting response... 200 OK
Length: 112266 (110K) [text/plain]
Saving to: ‘pdb1bnz.ent’

     0K .......... .......... .......... .......... .......... 45% 1.70M 0s
    50K .......... .......... .......... .......... .......... 91% 1.10M 0s
   100K .........                                             100% 2.45M=0.08s

2025-03-18 18:50:45 (1.39 MB/s) - ‘pdb1bnz.ent’ saved [112266/112266]

SETTINGS:
loadrestart = 0
PrinttVectors = 0
PlotPrint = 1
Linear = 1
T0 = 298.000000
dt0 = 0.100000
N = 180
nframes = 50
step = 200
restore.mode = 0
simulation.N = 180
simulation.T0 = 298.000000
simulation.dt0 = 0.100000
simulation.frames = 50
simulation.steps = 200
simulation.linear = 1
simulation.seed = 1234
NucNum2: 4
Sigma 1: 44.506651
Sigma 2: 35.763729
Sigma 3: 31.174693
Sigma 4: 31.170662
Seeding 1 threads
/opt/conda/envs/glimps_env/lib/python3.12/site-packages/sklearn/base.py:380: InconsistentVersionWarning: Trying to unpickle estimator LinearRegression from version 0.24.2 when using version 1.6.1. This might lead to breaking code or invalid results. Use at your own risk. For more info please refer to:
https://scikit-learn.org/stable/model_persistence.html#security-maintainability-limitations
  warnings.warn(
/opt/conda/envs/glimps_env/lib/python3.12/site-packages/mdtraj/formats/pdb/pdbfile.py:208: UserWarning: Unlikely unit cell vectors detected in PDB file likely resulting from a dummy CRYST1 record. Discarding unit cell vectors.
  warnings.warn(
ERROR conda.cli.main_run:execute(125): `conda run sh /mnt/Web/CGN67d9bfc8b3ad4/launch.sh` failed. (See above for error)
