WARNING: The requested image's platform (linux/amd64) does not match the detected host platform (linux/arm64/v8) and no specific platform was requested
SETTINGS:
loadrestart = 1
PrinttVectors = 0
PlotPrint = 1
Linear = 0
T0 = 298.000000
dt0 = 0.100000
N = 188
nframes = 10
step = 200
restore.mode = 1
simulation.N = 188
simulation.T0 = 298.000000
simulation.dt0 = 0.100000
simulation.frames = 10
simulation.steps = 200
simulation.linear = 0
simulation.seed = 1234
Seeding 1 threads
cp: cannot stat 'TRAJ_CG/ANALYSIS/NAFlex/END-TO-END/distances.dat': No such file or directory
ERROR conda.cli.main_run:execute(125): `conda run sh /mnt/Web/CGN67d9bc1243337/launch.sh` failed. (See above for error)
