## CGeNArate ##
## GENERATING TRAJECTORY (ENSEMBLE with 100 STRUCTURES)
# STEP 1: Generating starting structure...
Changing to: /mnt/Web/CGN67d94200afbbb/TRAJ_AA/output_pdb
getCG_AmberAA.sh /mnt/Web/CGN67d94200afbbb/inputSequence.txt /mnt/Web/CGN67d94200afbbb/TRAJ_AA/output_pdb/structure_000000_ 
# STEP 2: Executing CGenerate...
Changing folder to: /app/Scripts/cgenarate-Mitochondria
/app/Scripts/cgenarate-Mitochondria/CGeNArate.seq.exe /mnt/Web/CGN67d94200afbbb/TRAJ_AA/output_schnarp/cgenerate_config.toml
# STEP 3: Atomistic Reconstruction (GLIMPS)...
cpptraj -p /mnt/Web/CGN67d94200afbbb/TRAJ_AA/output_pdb/structure_000000.pdb -y /mnt/Web/CGN67d94200afbbb/TRAJ_AA/output_schnarp/cgenarate_traj.mdcrd -x mc_dna_str.dcd > cpptraj_dcd.log
python /app/Scripts/cgenarate-materials/GLIMPS/Rebuild_nmer_web.py /mnt/Web/CGN67d94200afbbb/TRAJ_AA/output_schnarp/str.pdb mc_dna_str.dcd traj_glimps.pdb traj_glimps.dcd
Building downloadable tar package...
DONE!!
## Analysis ##

#
# RESOLUTION: AA, SYSTEM: TRAJ, METHOD: mcdna, SEQ_LEN: 30
#

STARTING ANALYSIS FOR mcdna METHOD...

## TRAJECTORY ANALYSES
# STEP 1: Analysis on Flexibility (NAFlex)...
# STEP 2: Analysis on Bending...
# STEP 3: Analysis on Elastic Energy...
Building downloadable tar package for CGeNArate Analysis...
DONE!!
## Execute end-of-work routines ##
