
CPPTRAJ: Trajectory Analysis. V6.24.0 (AmberTools)
    ___  ___  ___  ___
     | \/ | \/ | \/ | 
    _|_/\_|_/\_|_/\_|_

| Date/time: 03/17/25 18:51:47
| Available memory: 2.202 GB

	Reading '/mnt/Web/CGN67d86f36f0e92/TRAJ_CG/output_pdb/structure_000000.pdb' as PDB File
	Reading bond info from CONECT records.
	Not reading bond info from LINK records.
	Determining bond info from distances.
Warning: Determining bond length parameters from element types for 'structure_000000.pdb'.
	Reading '/mnt/Web/CGN67d86f36f0e92/TRAJ_CG/output_schnarp/cgenarate_traj.mdcrd' as Amber Trajectory
	Writing 'mc_dna_str_cg.dcd' as Charmm DCD
---------- RUN BEGIN -------------------------------------------------

PARAMETER FILES (1 total):
 0: structure_000000.pdb, 60 atoms, 60 res, box: None, 60 mol

INPUT TRAJECTORIES (1 total):
 0: 'cgenarate_traj.mdcrd' is an AMBER trajectory, Parm structure_000000.pdb (reading 101 of 101)
  Coordinate processing will occur on 101 frames.

OUTPUT TRAJECTORIES (1 total):
  'mc_dna_str_cg.dcd' (101 frames) is a CHARMM DCD file (coords) Little Endian 32 bit

BEGIN TRAJECTORY PROCESSING:
.....................................................
ACTIVE OUTPUT TRAJECTORIES (1):
  mc_dna_str_cg.dcd (coordinates)
----- cgenarate_traj.mdcrd (1-101, 1) -----
 0% 10% 20% 30% 40% 50% 60% 70% 80% 90% 100% Complete.

Read 101 frames and processed 101 frames.
TIME: Avg. throughput= 13694.9153 frames / second.

ACTION OUTPUT:
TIME: Analyses took 0.0000 seconds.

RUN TIMING:
TIME:		Init               : 0.0000 s (  0.12%)
TIME:		Trajectory Process : 0.0074 s ( 56.34%)
TIME:		Action Post        : 0.0000 s (  0.00%)
TIME:		Analysis           : 0.0000 s (  0.00%)
TIME:		Data File Write    : 0.0000 s (  0.01%)
TIME:		Other              : 0.0057 s (  0.44%)
TIME:	Run Total 0.0131 s
---------- RUN END ---------------------------------------------------
TIME: Total execution time: 0.0252 seconds.
--------------------------------------------------------------------------------
To cite CPPTRAJ use:
Daniel R. Roe and Thomas E. Cheatham, III, "PTRAJ and CPPTRAJ: Software for
  Processing and Analysis of Molecular Dynamics Trajectory Data". J. Chem.
  Theory Comput., 2013, 9 (7), pp 3084-3095.

