
CPPTRAJ: Trajectory Analysis. V6.24.0 (AmberTools)
    ___  ___  ___  ___
     | \/ | \/ | \/ | 
    _|_/\_|_/\_|_/\_|_

| Date/time: 03/18/25 18:21:26
| Available memory: 1.005 GB

	Reading '/mnt/Web/CGN67d9b89285e4a/TRAJ_AA/ANALYSIS/NAFlex/INFO/structure.stripped.noH.top' as Amber Topology
	This Amber topology does not include atomic numbers.
	Assigning elements from atom masses/names.
	No SCEE section: setting Amber default (1.2)
	No SCNB section: setting Amber default (2.0)
Warning: Determining bond length parameters from element types for 'structure.stripped.noH.top'.
INPUT: Reading input from 'STDIN'
  [trajin /mnt/Web/CGN67d9b89285e4a/TRAJ_AA/ANALYSIS/NAFlex/INFO/structure.stripped.noH.trj 1 1 1]
	Reading '/mnt/Web/CGN67d9b89285e4a/TRAJ_AA/ANALYSIS/NAFlex/INFO/structure.stripped.noH.trj' as Amber Trajectory
  [trajout /mnt/Web/CGN67d9b89285e4a/TRAJ_AA/ANALYSIS/NAFlex/INFO/structure.stripped.noH.pdb]
	Writing '/mnt/Web/CGN67d9b89285e4a/TRAJ_AA/ANALYSIS/NAFlex/INFO/structure.stripped.noH.pdb' as PDB
---------- RUN BEGIN -------------------------------------------------

PARAMETER FILES (1 total):
 0: structure.stripped.noH.top, 1224 atoms, 60 res, box: None, 1224 mol

INPUT TRAJECTORIES (1 total):
 0: 'structure.stripped.noH.trj' is an AMBER trajectory, Parm structure.stripped.noH.top (reading 1 of 101)
  Coordinate processing will occur on 1 frames.

OUTPUT TRAJECTORIES (1 total):
  'structure.stripped.noH.pdb' (1 frames) is a PDB file

BEGIN TRAJECTORY PROCESSING:
.....................................................
ACTIVE OUTPUT TRAJECTORIES (1):
  /mnt/Web/CGN67d9b89285e4a/TRAJ_AA/ANALYSIS/NAFlex/INFO/structure.stripped.noH.pdb (coordinates)
----- structure.stripped.noH.trj (1-1, 1) -----
100% Complete.

Read 1 frames and processed 1 frames.
TIME: Avg. throughput= 11.8290 frames / second.

ACTION OUTPUT:
TIME: Analyses took 0.0002 seconds.

RUN TIMING:
TIME:		Init               : 0.0020 s (  2.19%)
TIME:		Trajectory Process : 0.0845 s ( 94.41%)
TIME:		Action Post        : 0.0000 s (  0.03%)
TIME:		Analysis           : 0.0002 s (  0.18%)
TIME:		Data File Write    : 0.0001 s (  0.11%)
TIME:		Other              : 0.0028 s (  0.03%)
TIME:	Run Total 0.0895 s
---------- RUN END ---------------------------------------------------
TIME: Total execution time: 0.3546 seconds.
--------------------------------------------------------------------------------
To cite CPPTRAJ use:
Daniel R. Roe and Thomas E. Cheatham, III, "PTRAJ and CPPTRAJ: Software for
  Processing and Analysis of Molecular Dynamics Trajectory Data". J. Chem.
  Theory Comput., 2013, 9 (7), pp 3084-3095.

