 BASE-PAIR PARAMETERS
 
 LINEAR STRUCTURE
 DOUBLE-STRANDED STRUCTURE ANALYSED
 BASE-PAIRS:           26
 FRAMES:              101
 SEQUENCE:   
 STRAND 1:   TTACATACATACAGATTACATACATA
 STRAND 2:   AATGTATGTATGTCTAATGTATGTAT
 
 First column averages, second column standard deviations
 base-pair               Shear             Stretch             Stagger              Buckle           Propeller            Openning
 ----------------------------------------------------------------------------------------------------------------------------------
     1 T-A    -0.129     0.098     0.010     0.058     0.031     0.099    -1.501     3.985   -11.130     4.403    -1.140     4.267
     2 T-A    -0.124     0.120     0.010     0.049     0.143     0.108    -2.218     3.763    -4.969     3.830     2.329     4.538
     3 A-T     0.165     0.109     0.006     0.078     0.038     0.096    -2.949     4.798   -10.188     3.870     0.364     5.335
     4 C-G     0.120     0.134    -0.065     0.057     0.137     0.125     1.858     3.964    -4.234     4.394    -0.065     1.965
     5 A-T     0.115     0.123    -0.008     0.066     0.071     0.105     0.665     4.436   -11.047     4.989     0.685     5.228
     6 T-A    -0.097     0.142     0.018     0.058     0.041     0.114     0.656     4.333    -6.576     4.711    -0.935     4.991
     7 A-T     0.143     0.135     0.007     0.079     0.068     0.114    -0.970     5.924    -8.855     4.582     0.229     5.508
     8 C-G     0.151     0.143    -0.035     0.060     0.055     0.134     4.657     4.706    -6.879     3.329    -0.194     1.591
     9 A-T     0.134     0.152     0.007     0.063     0.021     0.111    -3.560     4.010   -11.884     4.053     0.519     4.655
    10 T-A    -0.057     0.139     0.015     0.061     0.045     0.118    -2.119     5.149    -7.572     4.594    -0.057     4.563
    11 A-T     0.214     0.121    -0.002     0.066     0.024     0.119    -4.315     4.725    -7.635     4.665     0.047     4.996
    12 C-G    -0.027     0.199    -0.032     0.060     0.160     0.124     1.820     4.669    -7.052     4.674    -0.192     1.627
    13 A-T     0.104     0.125     0.011     0.059     0.087     0.093     0.347     3.995    -8.121     4.571     2.030     4.611
    14 G-C     0.074     0.196    -0.031     0.072     0.195     0.116     3.537     3.879    -6.909     4.727     0.544     2.105
    15 A-T     0.145     0.079     0.014     0.062     0.012     0.091    -0.017     3.357   -11.253     4.187    -1.566     4.475
    16 T-A    -0.140     0.099     0.008     0.056     0.073     0.101    -1.070     3.648   -12.193     3.953    -0.988     4.300
    17 T-A    -0.197     0.126    -0.014     0.053     0.026     0.111     0.522     4.070    -6.072     4.535     2.079     4.319
    18 A-T     0.142     0.129     0.000     0.069     0.070     0.117     0.579     3.542    -7.896     3.229     0.732     5.259
    19 C-G     0.080     0.212    -0.066     0.060     0.125     0.130     0.428     4.327    -7.204     3.933     0.591     1.651
    20 A-T     0.139     0.118     0.015     0.073     0.019     0.104    -1.834     4.007   -10.236     4.293    -0.310     4.841
    21 T-A    -0.060     0.146     0.028     0.066     0.033     0.121    -0.085     4.251    -5.995     4.597    -1.566     4.959
    22 A-T     0.193     0.141     0.011     0.076    -0.000     0.114    -3.776     5.095    -8.286     3.729    -0.364     6.120
    23 C-G     0.056     0.149    -0.034     0.054     0.094     0.112     3.836     4.032    -6.017     4.566    -0.080     1.689
    24 A-T     0.114     0.118     0.000     0.058     0.039     0.094    -1.171     4.838   -11.966     5.147     1.496     4.671
    25 T-A    -0.080     0.157     0.031     0.066     0.048     0.135    -1.162     5.273    -6.280     4.945    -0.439     5.512
    26 A-T     0.182     0.135     0.019     0.070     0.044     0.116    -2.230     4.931    -7.096     4.679    -0.771     4.825
 ----------------------------------------------------------------------------------------------------------------------------------
 AVG-STD=      0.052     0.120    -0.003     0.025     0.065     0.049    -0.387     2.258    -8.213     2.259     0.115     1.020
