 BASE-STEP PARAMETERS
 
 LINEAR STRUCTURE
 DOUBLE-STRANDED STRUCTURE ANALYSED
 BASE-PAIRS:           26
 FRAMES:              101
 SEQUENCE:   
 STRAND 1:   TTACATACATACAGATTACATACATA
 STRAND 2:   AATGTATGTATGTCTAATGTATGTAT
 
 First column averages, second column standard deviations
     base-step                Shift               Slide                Rise                Tilt                Roll               Twist             Bending
 -----------------------------------------------------------------------------------------------------------------------------------------------------------
   1-   2 TT/AA     0.786     0.345    -0.162     0.271     3.811     0.350     1.949     1.820    -5.425     9.530    38.068     4.581     9.258     6.454
   2-   3 TA/TA    -0.833     0.377     0.239     0.299     3.015     0.342    -0.922     1.459     8.992    11.065    36.082     4.063    11.262     8.913
   3-   4 AC/GT     0.783     0.385    -0.578     0.292     3.123     0.448    -1.313     1.692     6.492    10.681    29.507     3.956     9.862     7.973
   4-   5 CA/TG    -1.065     0.369     0.089     0.324     3.868     0.413    -2.404     1.807    -7.313    12.779    37.616     4.542    12.142     8.856
   5-   6 AT/AT     0.115     0.420    -1.152     0.289     3.576     0.539     1.168     1.475     3.141    15.602    29.249     4.699    12.058    10.556
   6-   7 TA/TA     0.029     0.388     0.081     0.373     3.173     0.446    -0.842     1.992    12.216    14.781    36.414     5.945    16.434    10.114
   7-   8 AC/GT     0.582     0.362    -0.706     0.284     3.062     0.460    -0.906     1.741     7.817    10.127    29.525     4.987    10.727     7.243
   8-   9 CA/TG    -1.579     0.564     0.296     0.414     3.984     0.486    -4.617     5.697    -7.007     9.016    36.470     4.829    12.231     5.878
   9-  10 AT/AT     0.175     0.368    -1.101     0.284     3.667     0.440    -0.210     1.641    -0.248    13.123    29.767     4.777    11.301     6.879
  10-  11 TA/TA    -0.051     0.351     0.051     0.339     3.040     0.522    -1.239     2.255    15.233    17.090    36.401     6.478    19.353    12.498
  11-  12 AC/GT     0.532     0.360    -0.698     0.303     3.456     0.541    -2.841     2.083    -2.470    15.363    31.420     5.648    13.242     8.898
  12-  13 CA/TG    -0.659     0.339    -0.230     0.286     3.607     0.547    -0.696     1.791     2.182    14.004    32.281     5.912    11.867     7.984
  13-  14 AG/CT     0.592     0.324    -0.372     0.278     3.589     0.514     1.205     1.815     3.544    12.582    29.366     4.903    11.168     7.134
  14-  15 GA/TC    -0.673     0.253     0.055     0.296     3.159     0.437     1.332     1.985     3.125    12.361    40.842     4.394    10.467     7.662
  15-  16 AT/AT     0.016     0.325    -1.126     0.261     3.392     0.410    -0.872     1.533    -0.894    11.201    32.862     3.843     9.133     6.778
  16-  17 TT/AA     0.752     0.296    -0.181     0.295     3.611     0.336     2.497     1.722    -5.521     9.793    38.203     3.494     9.416     6.850
  17-  18 TA/TA    -0.690     0.360     0.186     0.279     3.173     0.290    -0.407     1.725     7.651     8.974    36.341     4.127     9.362     7.386
  18-  19 AC/GT     1.167     0.531    -0.474     0.410     3.552     0.526     3.222     4.315     0.129     9.540    30.459     4.809     9.615     5.251
  19-  20 CA/TG    -1.058     0.291     0.117     0.307     3.487     0.322    -1.023     1.765     1.697    10.987    36.871     4.491     9.163     6.617
  20-  21 AT/AT     0.111     0.349    -1.062     0.305     3.637     0.494     0.128     1.772     1.384    17.498    29.374     5.411    14.189    10.485
  21-  22 TA/TA     0.065     0.392     0.042     0.340     3.177     0.416    -0.696     2.221    12.406    14.863    37.546     5.590    16.720    10.034
  22-  23 AC/GT     0.708     0.385    -0.689     0.257     3.298     0.534    -2.259     1.576     1.814    14.089    29.732     5.270    11.396     8.917
  23-  24 CA/TG    -0.926     0.355    -0.029     0.320     3.741     0.480    -1.819     1.859    -2.153    13.408    37.330     4.807    10.975     8.409
  24-  25 AT/AT     0.120     0.397    -1.131     0.303     3.549     0.691     0.996     1.564     4.767    17.226    29.031     4.967    14.617    10.452
  25-  26 TA/TA    -0.039     0.340     0.082     0.320     3.141     0.622    -1.295     2.198    10.508    17.802    36.597     7.188    17.395    11.457
 -----------------------------------------------------------------------------------------------------------------------------------------------------------
     AVG-STD =     -0.042     0.702    -0.338     0.484     3.436     0.276    -0.475     1.724     2.883     6.074    33.894     3.741    12.134     2.776
 
