## CGeNArate ##
## GENERATING TRAJECTORY (ENSEMBLE with 100 STRUCTURES)
# STEP 1: Generating starting structure...
Changing to: /mnt/Web/CGN67d86f36f0e92/TRAJ_CG/output_pdb
getfdhelix.sh /mnt/Web/CGN67d86f36f0e92/inputSequence.txt /mnt/Web/CGN67d86f36f0e92/TRAJ_CG/output_pdb/structure_000000.pdb 
# STEP 2: Executing CGenerate...
Changing folder to: /app/Scripts/cgenarate-Mitochondria
/app/Scripts/cgenarate-Mitochondria/CGeNArate.seq.exe /mnt/Web/CGN67d86f36f0e92/TRAJ_CG/output_schnarp/cgenerate_config.toml
# STEP 3: Building trajectory...
cpptraj -p /mnt/Web/CGN67d86f36f0e92/TRAJ_CG/output_pdb/structure_000000.pdb -y /mnt/Web/CGN67d86f36f0e92/TRAJ_CG/output_schnarp/cgenarate_traj.mdcrd -x mc_dna_str_cg.dcd > cpptraj_dcd.log
Building downloadable tar package...
DONE!!
## Analysis ##

#
# RESOLUTION: CG, SYSTEM: TRAJ, METHOD: mcdna, SEQ_LEN: 30
#

STARTING ANALYSIS FOR mcdna METHOD...

## TRAJECTORY ANALYSES
# STEP 1: Analysis on Flexibility (NAFlex)...
# STEP 2: Analysis on Bending...
# STEP 3: Analysis on Elastic Energy...
Building downloadable tar package for CGeNArate Analysis...
DONE!!
## Execute end-of-work routines ##
