Workdir: /mnt/Web/CGN67d86f36f0e92/TRAJ_CG/ANALYSIS
Generating stripped traj...
Generating stripped traj without hydrogens (for pcazip)...
Generating stripped top...
Copying structure.stripped.top (keeping proteins!!)
Generating stripped top without hydrogens (for pcazip) ...
Copying structure.stripped.noH.top (keeping proteins!!)
Generating stripped pdb...
Generating stripped pdb without hydrogens (for pcazip)...
Executing Principal Component Analysis with pcazip program.

Executing PCAzip Analysis, first compressing the trajectory...

pcazip -i /mnt/Web/CGN67d86f36f0e92/TRAJ_CG/ANALYSIS/NAFlex/INFO/structure.stripped.noH.trj -o NAFlex_pcazipOut.pcz -q 90 -p /mnt/Web/CGN67d86f36f0e92/TRAJ_CG/ANALYSIS/NAFlex/INFO/structure.stripped.noH.pdb -v -e 10 -M ~@H* 
Masking down to 60 atoms
Computing Bfactors from PCZ...

Warning: No selection made, computing data with all atoms
Computing Trajectory Projections from PCZ...
	Projections to Vector 1...
Warning: No selection made, computing data with all atoms
	Projections to Vector 2...
Warning: No selection made, computing data with all atoms
	Projections to Vector 3...
Warning: No selection made, computing data with all atoms
	Projections to Vector 4...
Warning: No selection made, computing data with all atoms
	Projections to Vector 5...
Warning: No selection made, computing data with all atoms
	Projections to Vector 6...
Warning: No selection made, computing data with all atoms
	Projections to Vector 7...
Warning: No selection made, computing data with all atoms
	Projections to Vector 8...
Warning: No selection made, computing data with all atoms
	Projections to Vector 9...
Warning: No selection made, computing data with all atoms
	Projections to Vector 10...
Warning: No selection made, computing data with all atoms
Computing Animations from PCZ...
	Animation for Vector 1...
Warning: No selection made, computing data with all atoms
	Animation for Vector 2...
Warning: No selection made, computing data with all atoms
	Animation for Vector 3...
Warning: No selection made, computing data with all atoms
	Animation for Vector 4...
Warning: No selection made, computing data with all atoms
	Animation for Vector 5...
Warning: No selection made, computing data with all atoms
	Animation for Vector 6...
Warning: No selection made, computing data with all atoms
	Animation for Vector 7...
Warning: No selection made, computing data with all atoms
	Animation for Vector 8...
Warning: No selection made, computing data with all atoms
	Animation for Vector 9...
Warning: No selection made, computing data with all atoms
	Animation for Vector 10...
Warning: No selection made, computing data with all atoms
Computing PCZ info: evals & collectivity indexes.
Warning: No selection made, computing data with all atoms
Warning: No selection made, computing data with all atoms
Warning: No selection made, computing data with all atoms
Warning: No selection made, computing data with all atoms
DONE!!
