WARNING: The requested image's platform (linux/amd64) does not match the detected host platform (linux/arm64/v8) and no specific platform was requested
--2025-03-18 18:47:59--  https://www.ebi.ac.uk/pdbe/entry-files/download/pdb1vfc.ent
Resolving www.ebi.ac.uk (www.ebi.ac.uk)... 193.62.193.80
Connecting to www.ebi.ac.uk (www.ebi.ac.uk)|193.62.193.80|:443... connected.
HTTP request sent, awaiting response... 200 OK
Length: 2956824 (2.8M) [text/plain]
Saving to: ‘pdb1vfc.ent’

     0K .......... .......... .......... .......... ..........  1%  731K 4s
    50K .......... .......... .......... .......... ..........  3% 1.00M 3s
   100K .......... .......... .......... .......... ..........  5%  987K 3s
   150K .......... .......... .......... .......... ..........  6% 1.00M 3s
   200K .......... .......... .......... .......... ..........  8%  846K 3s
   250K .......... .......... .......... .......... .......... 10%  820K 3s
   300K .......... .......... .......... .......... .......... 12% 1.18M 3s
   350K .......... .......... .......... .......... .......... 13%  979K 3s
   400K .......... .......... .......... .......... .......... 15% 1.84M 2s
   450K .......... .......... .......... .......... .......... 17%  915K 2s
   500K .......... .......... .......... .......... .......... 19% 1.70M 2s
   550K .......... .......... .......... .......... .......... 20% 1.62M 2s
   600K .......... .......... .......... .......... .......... 22% 1.30M 2s
   650K .......... .......... .......... .......... .......... 24% 1.03M 2s
   700K .......... .......... .......... .......... .......... 25% 1.03M 2s
   750K .......... .......... .......... .......... .......... 27%  820K 2s
   800K .......... .......... .......... .......... .......... 29% 1.19M 2s
   850K .......... .......... .......... .......... .......... 31%  954K 2s
   900K .......... .......... .......... .......... .......... 32%  884K 2s
   950K .......... .......... .......... .......... .......... 34%  930K 2s
  1000K .......... .......... .......... .......... .......... 36% 1.16M 2s
  1050K .......... .......... .......... .......... .......... 38% 1.25M 2s
  1100K .......... .......... .......... .......... .......... 39% 1022K 2s
  1150K .......... .......... .......... .......... .......... 41% 1.11M 2s
  1200K .......... .......... .......... .......... .......... 43% 1.14M 2s
  1250K .......... .......... .......... .......... .......... 45% 1.27M 1s
  1300K .......... .......... .......... .......... .......... 46% 1.59M 1s
  1350K .......... .......... .......... .......... .......... 48% 1.56M 1s
  1400K .......... .......... .......... .......... .......... 50% 1.65M 1s
  1450K .......... .......... .......... .......... .......... 51% 1.95M 1s
  1500K .......... .......... .......... .......... .......... 53% 1.52M 1s
  1550K .......... .......... .......... .......... .......... 55% 1.49M 1s
  1600K .......... .......... .......... .......... .......... 57% 2.02M 1s
  1650K .......... .......... .......... .......... .......... 58% 1.43M 1s
  1700K .......... .......... .......... .......... .......... 60% 1.70M 1s
  1750K .......... .......... .......... .......... .......... 62% 1.75M 1s
  1800K .......... .......... .......... .......... .......... 64% 1.74M 1s
  1850K .......... .......... .......... .......... .......... 65% 1.49M 1s
  1900K .......... .......... .......... .......... .......... 67% 1.02M 1s
  1950K .......... .......... .......... .......... .......... 69% 1.16M 1s
  2000K .......... .......... .......... .......... .......... 70% 1.01M 1s
  2050K .......... .......... .......... .......... .......... 72% 1.19M 1s
  2100K .......... .......... .......... .......... .......... 74% 1.17M 1s
  2150K .......... .......... .......... .......... .......... 76% 1.17M 1s
  2200K .......... .......... .......... .......... .......... 77%  821K 1s
  2250K .......... .......... .......... .......... .......... 79%  784K 1s
  2300K .......... .......... .......... .......... .......... 81%  741K 0s
  2350K .......... .......... .......... .......... .......... 83% 1.05M 0s
  2400K .......... .......... .......... .......... .......... 84%  882K 0s
  2450K .......... .......... .......... .......... .......... 86% 1.07M 0s
  2500K .......... .......... .......... .......... .......... 88% 1.40M 0s
  2550K .......... .......... .......... .......... .......... 90% 1.09M 0s
  2600K .......... .......... .......... .......... .......... 91% 1.35M 0s
  2650K .......... .......... .......... .......... .......... 93% 1.13M 0s
  2700K .......... .......... .......... .......... .......... 95% 1.24M 0s
  2750K .......... .......... .......... .......... .......... 96% 2.07M 0s
  2800K .......... .......... .......... .......... .......... 98% 1.49M 0s
  2850K .......... .......... .......... .......              100% 1.79M=2.5s

2025-03-18 18:48:02 (1.15 MB/s) - ‘pdb1vfc.ent’ saved [2956824/2956824]

--2025-03-18 18:48:03--  https://www.ebi.ac.uk/pdbe/entry-files/download/pdb1wtr.ent
Resolving www.ebi.ac.uk (www.ebi.ac.uk)... 193.62.193.80
Connecting to www.ebi.ac.uk (www.ebi.ac.uk)|193.62.193.80|:443... connected.
HTTP request sent, awaiting response... 200 OK
Length: 109188 (107K) [text/plain]
Saving to: ‘pdb1wtr.ent’

     0K .......... .......... .......... .......... .......... 46%  931K 0s
    50K .......... .......... .......... .......... .......... 93% 1.48M 0s
   100K ......                                                100%  968K=0.09s

2025-03-18 18:48:03 (1.11 MB/s) - ‘pdb1wtr.ent’ saved [109188/109188]

--2025-03-18 18:48:03--  https://www.ebi.ac.uk/pdbe/entry-files/download/pdb3zhm.ent
Resolving www.ebi.ac.uk (www.ebi.ac.uk)... 193.62.193.80
Connecting to www.ebi.ac.uk (www.ebi.ac.uk)|193.62.193.80|:443... connected.
HTTP request sent, awaiting response... 200 OK
Length: 112509 (110K) [text/plain]
Saving to: ‘pdb3zhm.ent’

     0K .......... .......... .......... .......... .......... 45%  947K 0s
    50K .......... .......... .......... .......... .......... 91%  267K 0s
   100K .........                                             100% 1.18M=0.2s

2025-03-18 18:48:04 (442 KB/s) - ‘pdb3zhm.ent’ saved [112509/112509]

--2025-03-18 18:48:04--  https://www.ebi.ac.uk/pdbe/entry-files/download/pdb1bnz.ent
Resolving www.ebi.ac.uk (www.ebi.ac.uk)... 193.62.193.80
Connecting to www.ebi.ac.uk (www.ebi.ac.uk)|193.62.193.80|:443... connected.
HTTP request sent, awaiting response... 200 OK
Length: 112266 (110K) [text/plain]
Saving to: ‘pdb1bnz.ent’

     0K .......... .......... .......... .......... .......... 45%  632K 0s
    50K .......... .......... .......... .......... .......... 91% 1.45M 0s
   100K .........                                             100% 3.43M=0.1s

2025-03-18 18:48:05 (950 KB/s) - ‘pdb1bnz.ent’ saved [112266/112266]

SETTINGS:
loadrestart = 0
PrinttVectors = 0
PlotPrint = 1
Linear = 1
T0 = 298.000000
dt0 = 0.100000
N = 180
nframes = 50
step = 200
restore.mode = 0
simulation.N = 180
simulation.T0 = 298.000000
simulation.dt0 = 0.100000
simulation.frames = 50
simulation.steps = 200
simulation.linear = 1
simulation.seed = 1234
NucNum2: 4
Sigma 1: 44.506651
Sigma 2: 35.763729
Sigma 3: 31.174693
Sigma 4: 31.170662
Seeding 1 threads
/opt/conda/envs/glimps_env/lib/python3.12/site-packages/mdtraj/formats/pdb/pdbfile.py:208: UserWarning: Unlikely unit cell vectors detected in PDB file likely resulting from a dummy CRYST1 record. Discarding unit cell vectors.
  warnings.warn(
ERROR conda.cli.main_run:execute(125): `conda run sh /mnt/Web/CGN67d9bfc0515cd/launch.sh` failed. (See above for error)
