Workdir: /mnt/Web/CGN67d9b8550f7e9/TRAJ_CG/ANALYSIS
Generating stripped traj...
Generating stripped traj without hydrogens (for pcazip)...
Generating stripped top...
Copying structure.stripped.top (keeping proteins!!)
Generating stripped top without hydrogens (for pcazip) ...
Copying structure.stripped.noH.top (keeping proteins!!)
Generating stripped pdb...
Generating stripped pdb without hydrogens (for pcazip)...
Executing Distance Contact-Maps Analysis.

Lasts: A-DA:30
First: A-DG:1
Lasts: B-DC:60
First: B-DT:31
SEQ1: GATTACATACATACAGATTACATACATACA
SEQ2: CTAATGTATGTATGTCTAATGTATGTATGT

Getting distances with ptraj program from Ambertools...
Error: analyze statistics: No 1D datasets to analyze.
Error: Could not setup analysis [statistics]
	1 errors encountered reading input.
Error: Error(s) occurred during execution.
Error: analyze statistics: No 1D datasets to analyze.
Error: Could not setup analysis [statistics]
	1 errors encountered reading input.
Error: Error(s) occurred during execution.
Error: analyze statistics: No 1D datasets to analyze.
Error: Could not setup analysis [statistics]
	1 errors encountered reading input.
Error: Error(s) occurred during execution.
Plotting Contact Maps...

cat: ptraj.out: No such file or directory
cat: ptraj.out: No such file or directory
cat: ptraj.out: No such file or directory
DONE!!
